2024-12-11 11:51:47 [DEBUG] FareCalculatorService:42 - Price before rounding: 0.95
2024-12-11 11:51:47 [DEBUG] FareCalculatorService:54 - Price after first rounding: 0.95
2024-12-11 11:51:47 [DEBUG] FareCalculatorService:44 - Price after rounding: 0.95
2024-12-11 11:51:47 [DEBUG] FareCalculatorService:42 - Price before rounding: 1.125
2024-12-11 11:51:47 [DEBUG] FareCalculatorService:54 - Price after first rounding: 1.125
2024-12-11 11:51:47 [DEBUG] FareCalculatorService:44 - Price after rounding: 1.12
2024-12-11 11:51:47 [DEBUG] FareCalculatorService:42 - Price before rounding: 1.4249999999999998
2024-12-11 11:51:47 [DEBUG] FareCalculatorService:54 - Price after first rounding: 1.425
2024-12-11 11:51:47 [DEBUG] FareCalculatorService:44 - Price after rounding: 1.42
2024-12-11 11:51:47 [DEBUG] FareCalculatorService:42 - Price before rounding: 1.5
2024-12-11 11:51:47 [DEBUG] FareCalculatorService:54 - Price after first rounding: 1.5
2024-12-11 11:51:47 [DEBUG] FareCalculatorService:44 - Price after rounding: 1.5
2024-12-11 11:51:47 [DEBUG] FareCalculatorService:42 - Price before rounding: 1.0
2024-12-11 11:51:47 [DEBUG] FareCalculatorService:54 - Price after first rounding: 1.0
2024-12-11 11:51:47 [DEBUG] FareCalculatorService:44 - Price after rounding: 1.0
2024-12-11 11:51:47 [DEBUG] FareCalculatorService:42 - Price before rounding: 36.0
2024-12-11 11:51:47 [DEBUG] FareCalculatorService:54 - Price after first rounding: 36.0
2024-12-11 11:51:47 [DEBUG] FareCalculatorService:44 - Price after rounding: 36.0
2024-12-11 11:51:47 [DEBUG] FareCalculatorService:42 - Price before rounding: 0.75
2024-12-11 11:51:47 [DEBUG] FareCalculatorService:54 - Price after first rounding: 0.75
2024-12-11 11:51:47 [DEBUG] FareCalculatorService:44 - Price after rounding: 0.75
2024-12-11 11:51:48 [ERROR] ParkingService:82 - Error fetching next available parking slot
java.lang.Exception: Error fetching parking number from DB. Parking slots might be full
	at com.parkit.parkingsystem.service.ParkingService.getNextParkingNumberIfAvailable(ParkingService.java:77) ~[classes/:?]
	at com.parkit.parkingsystem.ParkingServiceTest.testGetNextParkingNumberIfAvailableParkingNumberNotFound(ParkingServiceTest.java:113) ~[test-classes/:?]
	at jdk.internal.reflect.NativeMethodAccessorImpl.invoke0(Native Method) ~[?:?]
	at jdk.internal.reflect.NativeMethodAccessorImpl.invoke(NativeMethodAccessorImpl.java:77) ~[?:?]
	at jdk.internal.reflect.DelegatingMethodAccessorImpl.invoke(DelegatingMethodAccessorImpl.java:43) ~[?:?]
	at java.lang.reflect.Method.invoke(Method.java:569) ~[?:?]
	at org.junit.platform.commons.util.ReflectionUtils.invokeMethod(ReflectionUtils.java:532) ~[junit-platform-commons-1.3.2.jar:1.3.2]
	at org.junit.jupiter.engine.execution.ExecutableInvoker.invoke(ExecutableInvoker.java:115) ~[junit-jupiter-engine-5.3.2.jar:5.3.2]
	at org.junit.jupiter.engine.descriptor.TestMethodTestDescriptor.lambda$invokeTestMethod$6(TestMethodTestDescriptor.java:171) ~[junit-jupiter-engine-5.3.2.jar:5.3.2]
	at org.junit.platform.engine.support.hierarchical.ThrowableCollector.execute(ThrowableCollector.java:72) ~[junit-platform-engine-1.3.2.jar:1.3.2]
	at org.junit.jupiter.engine.descriptor.TestMethodTestDescriptor.invokeTestMethod(TestMethodTestDescriptor.java:167) ~[junit-jupiter-engine-5.3.2.jar:5.3.2]
	at org.junit.jupiter.engine.descriptor.TestMethodTestDescriptor.execute(TestMethodTestDescriptor.java:114) ~[junit-jupiter-engine-5.3.2.jar:5.3.2]
	at org.junit.jupiter.engine.descriptor.TestMethodTestDescriptor.execute(TestMethodTestDescriptor.java:59) ~[junit-jupiter-engine-5.3.2.jar:5.3.2]
	at org.junit.platform.engine.support.hierarchical.NodeTestTask.lambda$executeRecursively$4(NodeTestTask.java:108) ~[junit-platform-engine-1.3.2.jar:1.3.2]
	at org.junit.platform.engine.support.hierarchical.ThrowableCollector.execute(ThrowableCollector.java:72) ~[junit-platform-engine-1.3.2.jar:1.3.2]
	at org.junit.platform.engine.support.hierarchical.NodeTestTask.executeRecursively(NodeTestTask.java:98) ~[junit-platform-engine-1.3.2.jar:1.3.2]
	at org.junit.platform.engine.support.hierarchical.NodeTestTask.execute(NodeTestTask.java:74) ~[junit-platform-engine-1.3.2.jar:1.3.2]
	at java.util.ArrayList.forEach(ArrayList.java:1511) ~[?:?]
	at org.junit.platform.engine.support.hierarchical.SameThreadHierarchicalTestExecutorService.invokeAll(SameThreadHierarchicalTestExecutorService.java:38) ~[junit-platform-engine-1.3.2.jar:1.3.2]
	at org.junit.platform.engine.support.hierarchical.NodeTestTask.lambda$executeRecursively$4(NodeTestTask.java:112) ~[junit-platform-engine-1.3.2.jar:1.3.2]
	at org.junit.platform.engine.support.hierarchical.ThrowableCollector.execute(ThrowableCollector.java:72) ~[junit-platform-engine-1.3.2.jar:1.3.2]
	at org.junit.platform.engine.support.hierarchical.NodeTestTask.executeRecursively(NodeTestTask.java:98) ~[junit-platform-engine-1.3.2.jar:1.3.2]
	at org.junit.platform.engine.support.hierarchical.NodeTestTask.execute(NodeTestTask.java:74) ~[junit-platform-engine-1.3.2.jar:1.3.2]
	at java.util.ArrayList.forEach(ArrayList.java:1511) ~[?:?]
	at org.junit.platform.engine.support.hierarchical.SameThreadHierarchicalTestExecutorService.invokeAll(SameThreadHierarchicalTestExecutorService.java:38) ~[junit-platform-engine-1.3.2.jar:1.3.2]
	at org.junit.platform.engine.support.hierarchical.NodeTestTask.lambda$executeRecursively$4(NodeTestTask.java:112) ~[junit-platform-engine-1.3.2.jar:1.3.2]
	at org.junit.platform.engine.support.hierarchical.ThrowableCollector.execute(ThrowableCollector.java:72) [junit-platform-engine-1.3.2.jar:1.3.2]
	at org.junit.platform.engine.support.hierarchical.NodeTestTask.executeRecursively(NodeTestTask.java:98) [junit-platform-engine-1.3.2.jar:1.3.2]
	at org.junit.platform.engine.support.hierarchical.NodeTestTask.execute(NodeTestTask.java:74) [junit-platform-engine-1.3.2.jar:1.3.2]
	at org.junit.platform.engine.support.hierarchical.SameThreadHierarchicalTestExecutorService.submit(SameThreadHierarchicalTestExecutorService.java:32) [junit-platform-engine-1.3.2.jar:1.3.2]
	at org.junit.platform.engine.support.hierarchical.HierarchicalTestExecutor.execute(HierarchicalTestExecutor.java:57) [junit-platform-engine-1.3.2.jar:1.3.2]
	at org.junit.platform.engine.support.hierarchical.HierarchicalTestEngine.execute(HierarchicalTestEngine.java:51) [junit-platform-engine-1.3.2.jar:1.3.2]
	at org.junit.platform.launcher.core.DefaultLauncher.execute(DefaultLauncher.java:170) [junit-platform-launcher-1.2.0.jar:1.2.0]
	at org.junit.platform.launcher.core.DefaultLauncher.execute(DefaultLauncher.java:154) [junit-platform-launcher-1.2.0.jar:1.2.0]
	at org.junit.platform.launcher.core.DefaultLauncher.execute(DefaultLauncher.java:90) [junit-platform-launcher-1.2.0.jar:1.2.0]
	at org.junit.platform.surefire.provider.JUnitPlatformProvider.invokeAllTests(JUnitPlatformProvider.java:132) [junit-platform-surefire-provider-1.2.0.jar:1.2.0]
	at org.junit.platform.surefire.provider.JUnitPlatformProvider.invoke(JUnitPlatformProvider.java:111) [junit-platform-surefire-provider-1.2.0.jar:1.2.0]
	at org.apache.maven.surefire.booter.ForkedBooter.invokeProviderInSameClassLoader(ForkedBooter.java:383) [surefire-booter-2.22.0.jar:2.22.0]
	at org.apache.maven.surefire.booter.ForkedBooter.runSuitesInProcess(ForkedBooter.java:344) [surefire-booter-2.22.0.jar:2.22.0]
	at org.apache.maven.surefire.booter.ForkedBooter.execute(ForkedBooter.java:125) [surefire-booter-2.22.0.jar:2.22.0]
	at org.apache.maven.surefire.booter.ForkedBooter.main(ForkedBooter.java:417) [surefire-booter-2.22.0.jar:2.22.0]
2024-12-11 11:51:48 [DEBUG] FareCalculatorService:42 - Price before rounding: 1.5000020833333332
2024-12-11 11:51:48 [DEBUG] FareCalculatorService:54 - Price after first rounding: 1.5
2024-12-11 11:51:48 [DEBUG] FareCalculatorService:44 - Price after rounding: 1.5
2024-12-11 11:51:48 [ERROR] ParkingService:80 - Error parsing user input for type of vehicle
java.lang.IllegalArgumentException: Entered input is invalid
	at com.parkit.parkingsystem.service.ParkingService.getVehichleType(ParkingService.java:101) ~[classes/:?]
	at com.parkit.parkingsystem.service.ParkingService.getNextParkingNumberIfAvailable(ParkingService.java:71) ~[classes/:?]
	at com.parkit.parkingsystem.ParkingServiceTest.testGetNextParkingNumberIfAvailableParkingNumberWrongArgument(ParkingServiceTest.java:122) ~[test-classes/:?]
	at jdk.internal.reflect.NativeMethodAccessorImpl.invoke0(Native Method) ~[?:?]
	at jdk.internal.reflect.NativeMethodAccessorImpl.invoke(NativeMethodAccessorImpl.java:77) ~[?:?]
	at jdk.internal.reflect.DelegatingMethodAccessorImpl.invoke(DelegatingMethodAccessorImpl.java:43) ~[?:?]
	at java.lang.reflect.Method.invoke(Method.java:569) ~[?:?]
	at org.junit.platform.commons.util.ReflectionUtils.invokeMethod(ReflectionUtils.java:532) ~[junit-platform-commons-1.3.2.jar:1.3.2]
	at org.junit.jupiter.engine.execution.ExecutableInvoker.invoke(ExecutableInvoker.java:115) ~[junit-jupiter-engine-5.3.2.jar:5.3.2]
	at org.junit.jupiter.engine.descriptor.TestMethodTestDescriptor.lambda$invokeTestMethod$6(TestMethodTestDescriptor.java:171) ~[junit-jupiter-engine-5.3.2.jar:5.3.2]
	at org.junit.platform.engine.support.hierarchical.ThrowableCollector.execute(ThrowableCollector.java:72) ~[junit-platform-engine-1.3.2.jar:1.3.2]
	at org.junit.jupiter.engine.descriptor.TestMethodTestDescriptor.invokeTestMethod(TestMethodTestDescriptor.java:167) ~[junit-jupiter-engine-5.3.2.jar:5.3.2]
	at org.junit.jupiter.engine.descriptor.TestMethodTestDescriptor.execute(TestMethodTestDescriptor.java:114) ~[junit-jupiter-engine-5.3.2.jar:5.3.2]
	at org.junit.jupiter.engine.descriptor.TestMethodTestDescriptor.execute(TestMethodTestDescriptor.java:59) ~[junit-jupiter-engine-5.3.2.jar:5.3.2]
	at org.junit.platform.engine.support.hierarchical.NodeTestTask.lambda$executeRecursively$4(NodeTestTask.java:108) ~[junit-platform-engine-1.3.2.jar:1.3.2]
	at org.junit.platform.engine.support.hierarchical.ThrowableCollector.execute(ThrowableCollector.java:72) ~[junit-platform-engine-1.3.2.jar:1.3.2]
	at org.junit.platform.engine.support.hierarchical.NodeTestTask.executeRecursively(NodeTestTask.java:98) ~[junit-platform-engine-1.3.2.jar:1.3.2]
	at org.junit.platform.engine.support.hierarchical.NodeTestTask.execute(NodeTestTask.java:74) ~[junit-platform-engine-1.3.2.jar:1.3.2]
	at java.util.ArrayList.forEach(ArrayList.java:1511) ~[?:?]
	at org.junit.platform.engine.support.hierarchical.SameThreadHierarchicalTestExecutorService.invokeAll(SameThreadHierarchicalTestExecutorService.java:38) ~[junit-platform-engine-1.3.2.jar:1.3.2]
	at org.junit.platform.engine.support.hierarchical.NodeTestTask.lambda$executeRecursively$4(NodeTestTask.java:112) ~[junit-platform-engine-1.3.2.jar:1.3.2]
	at org.junit.platform.engine.support.hierarchical.ThrowableCollector.execute(ThrowableCollector.java:72) ~[junit-platform-engine-1.3.2.jar:1.3.2]
	at org.junit.platform.engine.support.hierarchical.NodeTestTask.executeRecursively(NodeTestTask.java:98) ~[junit-platform-engine-1.3.2.jar:1.3.2]
	at org.junit.platform.engine.support.hierarchical.NodeTestTask.execute(NodeTestTask.java:74) ~[junit-platform-engine-1.3.2.jar:1.3.2]
	at java.util.ArrayList.forEach(ArrayList.java:1511) ~[?:?]
	at org.junit.platform.engine.support.hierarchical.SameThreadHierarchicalTestExecutorService.invokeAll(SameThreadHierarchicalTestExecutorService.java:38) ~[junit-platform-engine-1.3.2.jar:1.3.2]
	at org.junit.platform.engine.support.hierarchical.NodeTestTask.lambda$executeRecursively$4(NodeTestTask.java:112) ~[junit-platform-engine-1.3.2.jar:1.3.2]
	at org.junit.platform.engine.support.hierarchical.ThrowableCollector.execute(ThrowableCollector.java:72) [junit-platform-engine-1.3.2.jar:1.3.2]
	at org.junit.platform.engine.support.hierarchical.NodeTestTask.executeRecursively(NodeTestTask.java:98) [junit-platform-engine-1.3.2.jar:1.3.2]
	at org.junit.platform.engine.support.hierarchical.NodeTestTask.execute(NodeTestTask.java:74) [junit-platform-engine-1.3.2.jar:1.3.2]
	at org.junit.platform.engine.support.hierarchical.SameThreadHierarchicalTestExecutorService.submit(SameThreadHierarchicalTestExecutorService.java:32) [junit-platform-engine-1.3.2.jar:1.3.2]
	at org.junit.platform.engine.support.hierarchical.HierarchicalTestExecutor.execute(HierarchicalTestExecutor.java:57) [junit-platform-engine-1.3.2.jar:1.3.2]
	at org.junit.platform.engine.support.hierarchical.HierarchicalTestEngine.execute(HierarchicalTestEngine.java:51) [junit-platform-engine-1.3.2.jar:1.3.2]
	at org.junit.platform.launcher.core.DefaultLauncher.execute(DefaultLauncher.java:170) [junit-platform-launcher-1.2.0.jar:1.2.0]
	at org.junit.platform.launcher.core.DefaultLauncher.execute(DefaultLauncher.java:154) [junit-platform-launcher-1.2.0.jar:1.2.0]
	at org.junit.platform.launcher.core.DefaultLauncher.execute(DefaultLauncher.java:90) [junit-platform-launcher-1.2.0.jar:1.2.0]
	at org.junit.platform.surefire.provider.JUnitPlatformProvider.invokeAllTests(JUnitPlatformProvider.java:132) [junit-platform-surefire-provider-1.2.0.jar:1.2.0]
	at org.junit.platform.surefire.provider.JUnitPlatformProvider.invoke(JUnitPlatformProvider.java:111) [junit-platform-surefire-provider-1.2.0.jar:1.2.0]
	at org.apache.maven.surefire.booter.ForkedBooter.invokeProviderInSameClassLoader(ForkedBooter.java:383) [surefire-booter-2.22.0.jar:2.22.0]
	at org.apache.maven.surefire.booter.ForkedBooter.runSuitesInProcess(ForkedBooter.java:344) [surefire-booter-2.22.0.jar:2.22.0]
	at org.apache.maven.surefire.booter.ForkedBooter.execute(ForkedBooter.java:125) [surefire-booter-2.22.0.jar:2.22.0]
	at org.apache.maven.surefire.booter.ForkedBooter.main(ForkedBooter.java:417) [surefire-booter-2.22.0.jar:2.22.0]
2024-12-11 11:51:48 [DEBUG] FareCalculatorService:42 - Price before rounding: 1.50000125
2024-12-11 11:51:48 [DEBUG] FareCalculatorService:54 - Price after first rounding: 1.5
2024-12-11 11:51:48 [DEBUG] FareCalculatorService:44 - Price after rounding: 1.5
2024-12-11 11:51:55 [ INFO] DataBaseTestConfig:19 - Create DB connection
2024-12-11 11:51:56 [ INFO] DataBaseTestConfig:29 - Closing DB connection
2024-12-11 11:51:56 [ INFO] DataBaseTestConfig:19 - Create DB connection
2024-12-11 11:51:56 [ INFO] DataBaseTestConfig:19 - Create DB connection
2024-12-11 11:51:56 [ INFO] DataBaseTestConfig:51 - Closing Result Set
2024-12-11 11:51:56 [ INFO] DataBaseTestConfig:40 - Closing Prepared Statement
2024-12-11 11:51:56 [ INFO] DataBaseTestConfig:29 - Closing DB connection
2024-12-11 11:51:56 [ INFO] DataBaseTestConfig:19 - Create DB connection
2024-12-11 11:51:56 [ INFO] DataBaseTestConfig:40 - Closing Prepared Statement
2024-12-11 11:51:56 [ INFO] DataBaseTestConfig:29 - Closing DB connection
2024-12-11 11:51:56 [ INFO] DataBaseTestConfig:19 - Create DB connection
2024-12-11 11:51:56 [ INFO] DataBaseTestConfig:19 - Create DB connection
2024-12-11 11:51:56 [ INFO] DataBaseTestConfig:19 - Create DB connection
2024-12-11 11:51:56 [ INFO] DataBaseTestConfig:51 - Closing Result Set
2024-12-11 11:51:56 [ INFO] DataBaseTestConfig:40 - Closing Prepared Statement
2024-12-11 11:51:56 [ INFO] DataBaseTestConfig:29 - Closing DB connection
2024-12-11 11:51:56 [ INFO] DataBaseTestConfig:19 - Create DB connection
2024-12-11 11:51:56 [ INFO] DataBaseTestConfig:29 - Closing DB connection
2024-12-11 11:51:56 [ INFO] DataBaseTestConfig:19 - Create DB connection
2024-12-11 11:51:56 [ INFO] DataBaseTestConfig:51 - Closing Result Set
2024-12-11 11:51:56 [ INFO] DataBaseTestConfig:40 - Closing Prepared Statement
2024-12-11 11:51:56 [ INFO] DataBaseTestConfig:29 - Closing DB connection
2024-12-11 11:51:56 [ INFO] DataBaseTestConfig:19 - Create DB connection
2024-12-11 11:51:56 [DEBUG] FareCalculatorService:42 - Price before rounding: 1.4251824791666665
2024-12-11 11:51:56 [DEBUG] FareCalculatorService:54 - Price after first rounding: 1.425
2024-12-11 11:51:56 [DEBUG] FareCalculatorService:44 - Price after rounding: 1.42
2024-12-11 11:51:56 [ INFO] DataBaseTestConfig:19 - Create DB connection
2024-12-11 11:51:56 [ INFO] DataBaseTestConfig:29 - Closing DB connection
2024-12-11 11:51:56 [ INFO] DataBaseTestConfig:19 - Create DB connection
2024-12-11 11:51:56 [ INFO] DataBaseTestConfig:40 - Closing Prepared Statement
2024-12-11 11:51:56 [ INFO] DataBaseTestConfig:29 - Closing DB connection
2024-12-11 11:51:56 [ INFO] DataBaseTestConfig:19 - Create DB connection
2024-12-11 11:51:56 [ INFO] DataBaseTestConfig:51 - Closing Result Set
2024-12-11 11:51:56 [ INFO] DataBaseTestConfig:40 - Closing Prepared Statement
2024-12-11 11:51:56 [ INFO] DataBaseTestConfig:29 - Closing DB connection
2024-12-11 11:51:56 [ INFO] DataBaseTestConfig:19 - Create DB connection
2024-12-11 11:51:56 [ INFO] DataBaseTestConfig:51 - Closing Result Set
2024-12-11 11:51:56 [ INFO] DataBaseTestConfig:40 - Closing Prepared Statement
2024-12-11 11:51:56 [ INFO] DataBaseTestConfig:29 - Closing DB connection
2024-12-11 11:51:56 [ INFO] DataBaseTestConfig:19 - Create DB connection
2024-12-11 11:51:56 [ INFO] DataBaseTestConfig:29 - Closing DB connection
2024-12-11 11:51:56 [ INFO] DataBaseTestConfig:19 - Create DB connection
2024-12-11 11:51:56 [ INFO] DataBaseTestConfig:51 - Closing Result Set
2024-12-11 11:51:56 [ INFO] DataBaseTestConfig:40 - Closing Prepared Statement
2024-12-11 11:51:56 [ INFO] DataBaseTestConfig:29 - Closing DB connection
2024-12-11 11:51:56 [ INFO] DataBaseTestConfig:19 - Create DB connection
2024-12-11 11:51:56 [ INFO] DataBaseTestConfig:40 - Closing Prepared Statement
2024-12-11 11:51:56 [ INFO] DataBaseTestConfig:29 - Closing DB connection
2024-12-11 11:51:56 [ INFO] DataBaseTestConfig:19 - Create DB connection
2024-12-11 11:51:57 [ INFO] DataBaseTestConfig:19 - Create DB connection
2024-12-11 11:51:57 [ INFO] DataBaseTestConfig:19 - Create DB connection
2024-12-11 11:51:57 [ INFO] DataBaseTestConfig:51 - Closing Result Set
2024-12-11 11:51:57 [ INFO] DataBaseTestConfig:40 - Closing Prepared Statement
2024-12-11 11:51:57 [ INFO] DataBaseTestConfig:29 - Closing DB connection
2024-12-11 11:51:57 [ INFO] DataBaseTestConfig:19 - Create DB connection
2024-12-11 11:51:57 [ INFO] DataBaseTestConfig:29 - Closing DB connection
2024-12-11 11:51:57 [ INFO] DataBaseTestConfig:19 - Create DB connection
2024-12-11 11:51:57 [ INFO] DataBaseTestConfig:51 - Closing Result Set
2024-12-11 11:51:57 [ INFO] DataBaseTestConfig:40 - Closing Prepared Statement
2024-12-11 11:51:57 [ INFO] DataBaseTestConfig:29 - Closing DB connection
2024-12-11 11:51:57 [ INFO] DataBaseTestConfig:19 - Create DB connection
2024-12-11 11:51:57 [DEBUG] FareCalculatorService:42 - Price before rounding: 1.5000299999999998
2024-12-11 11:51:57 [DEBUG] FareCalculatorService:54 - Price after first rounding: 1.5
2024-12-11 11:51:57 [DEBUG] FareCalculatorService:44 - Price after rounding: 1.5
2024-12-11 11:51:57 [ INFO] DataBaseTestConfig:19 - Create DB connection
2024-12-11 11:51:57 [ INFO] DataBaseTestConfig:29 - Closing DB connection
2024-12-11 11:51:57 [ INFO] DataBaseTestConfig:19 - Create DB connection
2024-12-11 11:51:57 [ INFO] DataBaseTestConfig:40 - Closing Prepared Statement
2024-12-11 11:51:57 [ INFO] DataBaseTestConfig:29 - Closing DB connection
2024-12-11 11:51:57 [ INFO] DataBaseTestConfig:19 - Create DB connection
2024-12-11 11:51:57 [ INFO] DataBaseTestConfig:51 - Closing Result Set
2024-12-11 11:51:57 [ INFO] DataBaseTestConfig:40 - Closing Prepared Statement
2024-12-11 11:51:57 [ INFO] DataBaseTestConfig:29 - Closing DB connection
2024-12-11 11:51:57 [ INFO] DataBaseTestConfig:19 - Create DB connection
2024-12-11 11:51:57 [ INFO] DataBaseTestConfig:51 - Closing Result Set
2024-12-11 11:51:57 [ INFO] DataBaseTestConfig:40 - Closing Prepared Statement
2024-12-11 11:51:57 [ INFO] DataBaseTestConfig:29 - Closing DB connection
2024-12-11 11:51:57 [ INFO] DataBaseTestConfig:19 - Create DB connection
2024-12-11 11:51:57 [ INFO] DataBaseTestConfig:29 - Closing DB connection
2024-12-11 11:51:57 [ INFO] DataBaseTestConfig:19 - Create DB connection
2024-12-11 11:51:57 [ INFO] DataBaseTestConfig:51 - Closing Result Set
2024-12-11 11:51:57 [ INFO] DataBaseTestConfig:40 - Closing Prepared Statement
2024-12-11 11:51:57 [ INFO] DataBaseTestConfig:29 - Closing DB connection
2024-12-11 11:51:57 [ INFO] DataBaseTestConfig:19 - Create DB connection
2024-12-11 11:51:57 [ INFO] DataBaseTestConfig:51 - Closing Result Set
2024-12-11 11:51:57 [ INFO] DataBaseTestConfig:40 - Closing Prepared Statement
2024-12-11 11:51:57 [ INFO] DataBaseTestConfig:29 - Closing DB connection
2024-12-11 11:51:57 [ INFO] DataBaseTestConfig:19 - Create DB connection
2024-12-11 11:51:57 [ INFO] DataBaseTestConfig:40 - Closing Prepared Statement
2024-12-11 11:51:57 [ INFO] DataBaseTestConfig:29 - Closing DB connection
2024-12-11 11:51:57 [ INFO] DataBaseTestConfig:19 - Create DB connection
2024-12-11 11:51:57 [ INFO] DataBaseTestConfig:19 - Create DB connection
2024-12-11 11:51:57 [ INFO] DataBaseTestConfig:19 - Create DB connection
2024-12-11 11:51:57 [ INFO] DataBaseTestConfig:51 - Closing Result Set
2024-12-11 11:51:57 [ INFO] DataBaseTestConfig:40 - Closing Prepared Statement
2024-12-11 11:51:57 [ INFO] DataBaseTestConfig:29 - Closing DB connection
2024-12-11 11:51:57 [ INFO] DataBaseTestConfig:19 - Create DB connection
2024-12-11 11:51:57 [ INFO] DataBaseTestConfig:51 - Closing Result Set
2024-12-11 11:51:57 [ INFO] DataBaseTestConfig:40 - Closing Prepared Statement
2024-12-11 11:51:57 [ INFO] DataBaseTestConfig:29 - Closing DB connection
2024-12-11 13:18:56 [DEBUG] FareCalculatorService:42 - Price before rounding: 0.95
2024-12-11 13:18:56 [DEBUG] FareCalculatorService:54 - Price after first rounding: 0.95
2024-12-11 13:18:56 [DEBUG] FareCalculatorService:44 - Price after rounding: 0.95
2024-12-11 13:18:56 [DEBUG] FareCalculatorService:42 - Price before rounding: 1.125
2024-12-11 13:18:56 [DEBUG] FareCalculatorService:54 - Price after first rounding: 1.125
2024-12-11 13:18:56 [DEBUG] FareCalculatorService:44 - Price after rounding: 1.12
2024-12-11 13:18:56 [DEBUG] FareCalculatorService:42 - Price before rounding: 1.4249999999999998
2024-12-11 13:18:56 [DEBUG] FareCalculatorService:54 - Price after first rounding: 1.425
2024-12-11 13:18:56 [DEBUG] FareCalculatorService:44 - Price after rounding: 1.42
2024-12-11 13:18:56 [DEBUG] FareCalculatorService:42 - Price before rounding: 1.5
2024-12-11 13:18:56 [DEBUG] FareCalculatorService:54 - Price after first rounding: 1.5
2024-12-11 13:18:56 [DEBUG] FareCalculatorService:44 - Price after rounding: 1.5
2024-12-11 13:18:56 [DEBUG] FareCalculatorService:42 - Price before rounding: 1.0
2024-12-11 13:18:56 [DEBUG] FareCalculatorService:54 - Price after first rounding: 1.0
2024-12-11 13:18:56 [DEBUG] FareCalculatorService:44 - Price after rounding: 1.0
2024-12-11 13:18:56 [DEBUG] FareCalculatorService:42 - Price before rounding: 36.0
2024-12-11 13:18:56 [DEBUG] FareCalculatorService:54 - Price after first rounding: 36.0
2024-12-11 13:18:56 [DEBUG] FareCalculatorService:44 - Price after rounding: 36.0
2024-12-11 13:18:56 [DEBUG] FareCalculatorService:42 - Price before rounding: 0.75
2024-12-11 13:18:56 [DEBUG] FareCalculatorService:54 - Price after first rounding: 0.75
2024-12-11 13:18:56 [DEBUG] FareCalculatorService:44 - Price after rounding: 0.75
2024-12-11 13:18:57 [ERROR] ParkingService:79 - Error fetching next available parking slot
java.lang.Exception: Error fetching parking number from DB. Parking slots might be full
	at com.parkit.parkingsystem.service.ParkingService.getNextParkingNumberIfAvailable(ParkingService.java:74) ~[classes/:?]
	at com.parkit.parkingsystem.ParkingServiceTest.testGetNextParkingNumberIfAvailableParkingNumberNotFound(ParkingServiceTest.java:113) ~[test-classes/:?]
	at jdk.internal.reflect.NativeMethodAccessorImpl.invoke0(Native Method) ~[?:?]
	at jdk.internal.reflect.NativeMethodAccessorImpl.invoke(NativeMethodAccessorImpl.java:77) ~[?:?]
	at jdk.internal.reflect.DelegatingMethodAccessorImpl.invoke(DelegatingMethodAccessorImpl.java:43) ~[?:?]
	at java.lang.reflect.Method.invoke(Method.java:569) ~[?:?]
	at org.junit.platform.commons.util.ReflectionUtils.invokeMethod(ReflectionUtils.java:532) ~[junit-platform-commons-1.3.2.jar:1.3.2]
	at org.junit.jupiter.engine.execution.ExecutableInvoker.invoke(ExecutableInvoker.java:115) ~[junit-jupiter-engine-5.3.2.jar:5.3.2]
	at org.junit.jupiter.engine.descriptor.TestMethodTestDescriptor.lambda$invokeTestMethod$6(TestMethodTestDescriptor.java:171) ~[junit-jupiter-engine-5.3.2.jar:5.3.2]
	at org.junit.platform.engine.support.hierarchical.ThrowableCollector.execute(ThrowableCollector.java:72) ~[junit-platform-engine-1.3.2.jar:1.3.2]
	at org.junit.jupiter.engine.descriptor.TestMethodTestDescriptor.invokeTestMethod(TestMethodTestDescriptor.java:167) ~[junit-jupiter-engine-5.3.2.jar:5.3.2]
	at org.junit.jupiter.engine.descriptor.TestMethodTestDescriptor.execute(TestMethodTestDescriptor.java:114) ~[junit-jupiter-engine-5.3.2.jar:5.3.2]
	at org.junit.jupiter.engine.descriptor.TestMethodTestDescriptor.execute(TestMethodTestDescriptor.java:59) ~[junit-jupiter-engine-5.3.2.jar:5.3.2]
	at org.junit.platform.engine.support.hierarchical.NodeTestTask.lambda$executeRecursively$4(NodeTestTask.java:108) ~[junit-platform-engine-1.3.2.jar:1.3.2]
	at org.junit.platform.engine.support.hierarchical.ThrowableCollector.execute(ThrowableCollector.java:72) ~[junit-platform-engine-1.3.2.jar:1.3.2]
	at org.junit.platform.engine.support.hierarchical.NodeTestTask.executeRecursively(NodeTestTask.java:98) ~[junit-platform-engine-1.3.2.jar:1.3.2]
	at org.junit.platform.engine.support.hierarchical.NodeTestTask.execute(NodeTestTask.java:74) ~[junit-platform-engine-1.3.2.jar:1.3.2]
	at java.util.ArrayList.forEach(ArrayList.java:1511) ~[?:?]
	at org.junit.platform.engine.support.hierarchical.SameThreadHierarchicalTestExecutorService.invokeAll(SameThreadHierarchicalTestExecutorService.java:38) ~[junit-platform-engine-1.3.2.jar:1.3.2]
	at org.junit.platform.engine.support.hierarchical.NodeTestTask.lambda$executeRecursively$4(NodeTestTask.java:112) ~[junit-platform-engine-1.3.2.jar:1.3.2]
	at org.junit.platform.engine.support.hierarchical.ThrowableCollector.execute(ThrowableCollector.java:72) ~[junit-platform-engine-1.3.2.jar:1.3.2]
	at org.junit.platform.engine.support.hierarchical.NodeTestTask.executeRecursively(NodeTestTask.java:98) ~[junit-platform-engine-1.3.2.jar:1.3.2]
	at org.junit.platform.engine.support.hierarchical.NodeTestTask.execute(NodeTestTask.java:74) ~[junit-platform-engine-1.3.2.jar:1.3.2]
	at java.util.ArrayList.forEach(ArrayList.java:1511) ~[?:?]
	at org.junit.platform.engine.support.hierarchical.SameThreadHierarchicalTestExecutorService.invokeAll(SameThreadHierarchicalTestExecutorService.java:38) ~[junit-platform-engine-1.3.2.jar:1.3.2]
	at org.junit.platform.engine.support.hierarchical.NodeTestTask.lambda$executeRecursively$4(NodeTestTask.java:112) ~[junit-platform-engine-1.3.2.jar:1.3.2]
	at org.junit.platform.engine.support.hierarchical.ThrowableCollector.execute(ThrowableCollector.java:72) [junit-platform-engine-1.3.2.jar:1.3.2]
	at org.junit.platform.engine.support.hierarchical.NodeTestTask.executeRecursively(NodeTestTask.java:98) [junit-platform-engine-1.3.2.jar:1.3.2]
	at org.junit.platform.engine.support.hierarchical.NodeTestTask.execute(NodeTestTask.java:74) [junit-platform-engine-1.3.2.jar:1.3.2]
	at org.junit.platform.engine.support.hierarchical.SameThreadHierarchicalTestExecutorService.submit(SameThreadHierarchicalTestExecutorService.java:32) [junit-platform-engine-1.3.2.jar:1.3.2]
	at org.junit.platform.engine.support.hierarchical.HierarchicalTestExecutor.execute(HierarchicalTestExecutor.java:57) [junit-platform-engine-1.3.2.jar:1.3.2]
	at org.junit.platform.engine.support.hierarchical.HierarchicalTestEngine.execute(HierarchicalTestEngine.java:51) [junit-platform-engine-1.3.2.jar:1.3.2]
	at org.junit.platform.launcher.core.DefaultLauncher.execute(DefaultLauncher.java:170) [junit-platform-launcher-1.2.0.jar:1.2.0]
	at org.junit.platform.launcher.core.DefaultLauncher.execute(DefaultLauncher.java:154) [junit-platform-launcher-1.2.0.jar:1.2.0]
	at org.junit.platform.launcher.core.DefaultLauncher.execute(DefaultLauncher.java:90) [junit-platform-launcher-1.2.0.jar:1.2.0]
	at org.junit.platform.surefire.provider.JUnitPlatformProvider.invokeAllTests(JUnitPlatformProvider.java:132) [junit-platform-surefire-provider-1.2.0.jar:1.2.0]
	at org.junit.platform.surefire.provider.JUnitPlatformProvider.invoke(JUnitPlatformProvider.java:111) [junit-platform-surefire-provider-1.2.0.jar:1.2.0]
	at org.apache.maven.surefire.booter.ForkedBooter.invokeProviderInSameClassLoader(ForkedBooter.java:383) [surefire-booter-2.22.0.jar:2.22.0]
	at org.apache.maven.surefire.booter.ForkedBooter.runSuitesInProcess(ForkedBooter.java:344) [surefire-booter-2.22.0.jar:2.22.0]
	at org.apache.maven.surefire.booter.ForkedBooter.execute(ForkedBooter.java:125) [surefire-booter-2.22.0.jar:2.22.0]
	at org.apache.maven.surefire.booter.ForkedBooter.main(ForkedBooter.java:417) [surefire-booter-2.22.0.jar:2.22.0]
2024-12-11 13:18:57 [DEBUG] FareCalculatorService:42 - Price before rounding: 1.5000004166666665
2024-12-11 13:18:57 [DEBUG] FareCalculatorService:54 - Price after first rounding: 1.5
2024-12-11 13:18:57 [DEBUG] FareCalculatorService:44 - Price after rounding: 1.5
2024-12-11 13:18:57 [ERROR] ParkingService:77 - Error parsing user input for type of vehicle
java.lang.IllegalArgumentException: Entered input is invalid
	at com.parkit.parkingsystem.service.ParkingService.getVehichleType(ParkingService.java:98) ~[classes/:?]
	at com.parkit.parkingsystem.service.ParkingService.getNextParkingNumberIfAvailable(ParkingService.java:69) ~[classes/:?]
	at com.parkit.parkingsystem.ParkingServiceTest.testGetNextParkingNumberIfAvailableParkingNumberWrongArgument(ParkingServiceTest.java:122) ~[test-classes/:?]
	at jdk.internal.reflect.NativeMethodAccessorImpl.invoke0(Native Method) ~[?:?]
	at jdk.internal.reflect.NativeMethodAccessorImpl.invoke(NativeMethodAccessorImpl.java:77) ~[?:?]
	at jdk.internal.reflect.DelegatingMethodAccessorImpl.invoke(DelegatingMethodAccessorImpl.java:43) ~[?:?]
	at java.lang.reflect.Method.invoke(Method.java:569) ~[?:?]
	at org.junit.platform.commons.util.ReflectionUtils.invokeMethod(ReflectionUtils.java:532) ~[junit-platform-commons-1.3.2.jar:1.3.2]
	at org.junit.jupiter.engine.execution.ExecutableInvoker.invoke(ExecutableInvoker.java:115) ~[junit-jupiter-engine-5.3.2.jar:5.3.2]
	at org.junit.jupiter.engine.descriptor.TestMethodTestDescriptor.lambda$invokeTestMethod$6(TestMethodTestDescriptor.java:171) ~[junit-jupiter-engine-5.3.2.jar:5.3.2]
	at org.junit.platform.engine.support.hierarchical.ThrowableCollector.execute(ThrowableCollector.java:72) ~[junit-platform-engine-1.3.2.jar:1.3.2]
	at org.junit.jupiter.engine.descriptor.TestMethodTestDescriptor.invokeTestMethod(TestMethodTestDescriptor.java:167) ~[junit-jupiter-engine-5.3.2.jar:5.3.2]
	at org.junit.jupiter.engine.descriptor.TestMethodTestDescriptor.execute(TestMethodTestDescriptor.java:114) ~[junit-jupiter-engine-5.3.2.jar:5.3.2]
	at org.junit.jupiter.engine.descriptor.TestMethodTestDescriptor.execute(TestMethodTestDescriptor.java:59) ~[junit-jupiter-engine-5.3.2.jar:5.3.2]
	at org.junit.platform.engine.support.hierarchical.NodeTestTask.lambda$executeRecursively$4(NodeTestTask.java:108) ~[junit-platform-engine-1.3.2.jar:1.3.2]
	at org.junit.platform.engine.support.hierarchical.ThrowableCollector.execute(ThrowableCollector.java:72) ~[junit-platform-engine-1.3.2.jar:1.3.2]
	at org.junit.platform.engine.support.hierarchical.NodeTestTask.executeRecursively(NodeTestTask.java:98) ~[junit-platform-engine-1.3.2.jar:1.3.2]
	at org.junit.platform.engine.support.hierarchical.NodeTestTask.execute(NodeTestTask.java:74) ~[junit-platform-engine-1.3.2.jar:1.3.2]
	at java.util.ArrayList.forEach(ArrayList.java:1511) ~[?:?]
	at org.junit.platform.engine.support.hierarchical.SameThreadHierarchicalTestExecutorService.invokeAll(SameThreadHierarchicalTestExecutorService.java:38) ~[junit-platform-engine-1.3.2.jar:1.3.2]
	at org.junit.platform.engine.support.hierarchical.NodeTestTask.lambda$executeRecursively$4(NodeTestTask.java:112) ~[junit-platform-engine-1.3.2.jar:1.3.2]
	at org.junit.platform.engine.support.hierarchical.ThrowableCollector.execute(ThrowableCollector.java:72) ~[junit-platform-engine-1.3.2.jar:1.3.2]
	at org.junit.platform.engine.support.hierarchical.NodeTestTask.executeRecursively(NodeTestTask.java:98) ~[junit-platform-engine-1.3.2.jar:1.3.2]
	at org.junit.platform.engine.support.hierarchical.NodeTestTask.execute(NodeTestTask.java:74) ~[junit-platform-engine-1.3.2.jar:1.3.2]
	at java.util.ArrayList.forEach(ArrayList.java:1511) ~[?:?]
	at org.junit.platform.engine.support.hierarchical.SameThreadHierarchicalTestExecutorService.invokeAll(SameThreadHierarchicalTestExecutorService.java:38) ~[junit-platform-engine-1.3.2.jar:1.3.2]
	at org.junit.platform.engine.support.hierarchical.NodeTestTask.lambda$executeRecursively$4(NodeTestTask.java:112) ~[junit-platform-engine-1.3.2.jar:1.3.2]
	at org.junit.platform.engine.support.hierarchical.ThrowableCollector.execute(ThrowableCollector.java:72) [junit-platform-engine-1.3.2.jar:1.3.2]
	at org.junit.platform.engine.support.hierarchical.NodeTestTask.executeRecursively(NodeTestTask.java:98) [junit-platform-engine-1.3.2.jar:1.3.2]
	at org.junit.platform.engine.support.hierarchical.NodeTestTask.execute(NodeTestTask.java:74) [junit-platform-engine-1.3.2.jar:1.3.2]
	at org.junit.platform.engine.support.hierarchical.SameThreadHierarchicalTestExecutorService.submit(SameThreadHierarchicalTestExecutorService.java:32) [junit-platform-engine-1.3.2.jar:1.3.2]
	at org.junit.platform.engine.support.hierarchical.HierarchicalTestExecutor.execute(HierarchicalTestExecutor.java:57) [junit-platform-engine-1.3.2.jar:1.3.2]
	at org.junit.platform.engine.support.hierarchical.HierarchicalTestEngine.execute(HierarchicalTestEngine.java:51) [junit-platform-engine-1.3.2.jar:1.3.2]
	at org.junit.platform.launcher.core.DefaultLauncher.execute(DefaultLauncher.java:170) [junit-platform-launcher-1.2.0.jar:1.2.0]
	at org.junit.platform.launcher.core.DefaultLauncher.execute(DefaultLauncher.java:154) [junit-platform-launcher-1.2.0.jar:1.2.0]
	at org.junit.platform.launcher.core.DefaultLauncher.execute(DefaultLauncher.java:90) [junit-platform-launcher-1.2.0.jar:1.2.0]
	at org.junit.platform.surefire.provider.JUnitPlatformProvider.invokeAllTests(JUnitPlatformProvider.java:132) [junit-platform-surefire-provider-1.2.0.jar:1.2.0]
	at org.junit.platform.surefire.provider.JUnitPlatformProvider.invoke(JUnitPlatformProvider.java:111) [junit-platform-surefire-provider-1.2.0.jar:1.2.0]
	at org.apache.maven.surefire.booter.ForkedBooter.invokeProviderInSameClassLoader(ForkedBooter.java:383) [surefire-booter-2.22.0.jar:2.22.0]
	at org.apache.maven.surefire.booter.ForkedBooter.runSuitesInProcess(ForkedBooter.java:344) [surefire-booter-2.22.0.jar:2.22.0]
	at org.apache.maven.surefire.booter.ForkedBooter.execute(ForkedBooter.java:125) [surefire-booter-2.22.0.jar:2.22.0]
	at org.apache.maven.surefire.booter.ForkedBooter.main(ForkedBooter.java:417) [surefire-booter-2.22.0.jar:2.22.0]
2024-12-11 13:18:57 [DEBUG] FareCalculatorService:42 - Price before rounding: 1.5000004166666665
2024-12-11 13:18:57 [DEBUG] FareCalculatorService:54 - Price after first rounding: 1.5
2024-12-11 13:18:57 [DEBUG] FareCalculatorService:44 - Price after rounding: 1.5
2024-12-11 13:19:04 [ INFO] DataBaseTestConfig:19 - Create DB connection
2024-12-11 13:19:05 [ INFO] DataBaseTestConfig:29 - Closing DB connection
2024-12-11 13:19:05 [ INFO] DataBaseTestConfig:19 - Create DB connection
2024-12-11 13:19:05 [ INFO] DataBaseTestConfig:19 - Create DB connection
2024-12-11 13:19:05 [ INFO] DataBaseTestConfig:51 - Closing Result Set
2024-12-11 13:19:05 [ INFO] DataBaseTestConfig:40 - Closing Prepared Statement
2024-12-11 13:19:05 [ INFO] DataBaseTestConfig:29 - Closing DB connection
2024-12-11 13:19:05 [ INFO] DataBaseTestConfig:19 - Create DB connection
2024-12-11 13:19:05 [ INFO] DataBaseTestConfig:40 - Closing Prepared Statement
2024-12-11 13:19:05 [ INFO] DataBaseTestConfig:29 - Closing DB connection
2024-12-11 13:19:05 [ INFO] DataBaseTestConfig:19 - Create DB connection
2024-12-11 13:19:05 [ INFO] DataBaseTestConfig:19 - Create DB connection
2024-12-11 13:19:05 [ INFO] DataBaseTestConfig:19 - Create DB connection
2024-12-11 13:19:05 [ INFO] DataBaseTestConfig:51 - Closing Result Set
2024-12-11 13:19:05 [ INFO] DataBaseTestConfig:40 - Closing Prepared Statement
2024-12-11 13:19:05 [ INFO] DataBaseTestConfig:29 - Closing DB connection
2024-12-11 13:19:05 [ INFO] DataBaseTestConfig:19 - Create DB connection
2024-12-11 13:19:05 [ INFO] DataBaseTestConfig:29 - Closing DB connection
2024-12-11 13:19:05 [ INFO] DataBaseTestConfig:19 - Create DB connection
2024-12-11 13:19:05 [ INFO] DataBaseTestConfig:51 - Closing Result Set
2024-12-11 13:19:05 [ INFO] DataBaseTestConfig:40 - Closing Prepared Statement
2024-12-11 13:19:05 [ INFO] DataBaseTestConfig:29 - Closing DB connection
2024-12-11 13:19:05 [ INFO] DataBaseTestConfig:19 - Create DB connection
2024-12-11 13:19:05 [DEBUG] FareCalculatorService:42 - Price before rounding: 1.4249402291666664
2024-12-11 13:19:05 [DEBUG] FareCalculatorService:54 - Price after first rounding: 1.425
2024-12-11 13:19:05 [DEBUG] FareCalculatorService:44 - Price after rounding: 1.42
2024-12-11 13:19:05 [ INFO] DataBaseTestConfig:19 - Create DB connection
2024-12-11 13:19:05 [ INFO] DataBaseTestConfig:29 - Closing DB connection
2024-12-11 13:19:05 [ INFO] DataBaseTestConfig:19 - Create DB connection
2024-12-11 13:19:05 [ INFO] DataBaseTestConfig:40 - Closing Prepared Statement
2024-12-11 13:19:05 [ INFO] DataBaseTestConfig:29 - Closing DB connection
2024-12-11 13:19:05 [ INFO] DataBaseTestConfig:19 - Create DB connection
2024-12-11 13:19:05 [ INFO] DataBaseTestConfig:51 - Closing Result Set
2024-12-11 13:19:05 [ INFO] DataBaseTestConfig:40 - Closing Prepared Statement
2024-12-11 13:19:05 [ INFO] DataBaseTestConfig:29 - Closing DB connection
2024-12-11 13:19:05 [ INFO] DataBaseTestConfig:19 - Create DB connection
2024-12-11 13:19:05 [ INFO] DataBaseTestConfig:51 - Closing Result Set
2024-12-11 13:19:05 [ INFO] DataBaseTestConfig:40 - Closing Prepared Statement
2024-12-11 13:19:05 [ INFO] DataBaseTestConfig:29 - Closing DB connection
2024-12-11 13:19:06 [ INFO] DataBaseTestConfig:19 - Create DB connection
2024-12-11 13:19:06 [ INFO] DataBaseTestConfig:29 - Closing DB connection
2024-12-11 13:19:06 [ INFO] DataBaseTestConfig:19 - Create DB connection
2024-12-11 13:19:06 [ INFO] DataBaseTestConfig:51 - Closing Result Set
2024-12-11 13:19:06 [ INFO] DataBaseTestConfig:40 - Closing Prepared Statement
2024-12-11 13:19:06 [ INFO] DataBaseTestConfig:29 - Closing DB connection
2024-12-11 13:19:06 [ INFO] DataBaseTestConfig:19 - Create DB connection
2024-12-11 13:19:06 [ INFO] DataBaseTestConfig:40 - Closing Prepared Statement
2024-12-11 13:19:06 [ INFO] DataBaseTestConfig:29 - Closing DB connection
2024-12-11 13:19:06 [ INFO] DataBaseTestConfig:19 - Create DB connection
2024-12-11 13:19:06 [ INFO] DataBaseTestConfig:19 - Create DB connection
2024-12-11 13:19:06 [ INFO] DataBaseTestConfig:19 - Create DB connection
2024-12-11 13:19:06 [ INFO] DataBaseTestConfig:51 - Closing Result Set
2024-12-11 13:19:06 [ INFO] DataBaseTestConfig:40 - Closing Prepared Statement
2024-12-11 13:19:06 [ INFO] DataBaseTestConfig:29 - Closing DB connection
2024-12-11 13:19:06 [ INFO] DataBaseTestConfig:19 - Create DB connection
2024-12-11 13:19:06 [ INFO] DataBaseTestConfig:29 - Closing DB connection
2024-12-11 13:19:06 [ INFO] DataBaseTestConfig:19 - Create DB connection
2024-12-11 13:19:06 [ INFO] DataBaseTestConfig:51 - Closing Result Set
2024-12-11 13:19:06 [ INFO] DataBaseTestConfig:40 - Closing Prepared Statement
2024-12-11 13:19:06 [ INFO] DataBaseTestConfig:29 - Closing DB connection
2024-12-11 13:19:06 [ INFO] DataBaseTestConfig:19 - Create DB connection
2024-12-11 13:19:06 [DEBUG] FareCalculatorService:42 - Price before rounding: 1.5001470833333335
2024-12-11 13:19:06 [DEBUG] FareCalculatorService:54 - Price after first rounding: 1.5
2024-12-11 13:19:06 [DEBUG] FareCalculatorService:44 - Price after rounding: 1.5
2024-12-11 13:19:06 [ INFO] DataBaseTestConfig:19 - Create DB connection
2024-12-11 13:19:06 [ INFO] DataBaseTestConfig:29 - Closing DB connection
2024-12-11 13:19:06 [ INFO] DataBaseTestConfig:19 - Create DB connection
2024-12-11 13:19:06 [ INFO] DataBaseTestConfig:40 - Closing Prepared Statement
2024-12-11 13:19:06 [ INFO] DataBaseTestConfig:29 - Closing DB connection
2024-12-11 13:19:06 [ INFO] DataBaseTestConfig:19 - Create DB connection
2024-12-11 13:19:06 [ INFO] DataBaseTestConfig:51 - Closing Result Set
2024-12-11 13:19:06 [ INFO] DataBaseTestConfig:40 - Closing Prepared Statement
2024-12-11 13:19:06 [ INFO] DataBaseTestConfig:29 - Closing DB connection
2024-12-11 13:19:06 [ INFO] DataBaseTestConfig:19 - Create DB connection
2024-12-11 13:19:06 [ INFO] DataBaseTestConfig:51 - Closing Result Set
2024-12-11 13:19:06 [ INFO] DataBaseTestConfig:40 - Closing Prepared Statement
2024-12-11 13:19:06 [ INFO] DataBaseTestConfig:29 - Closing DB connection
2024-12-11 13:19:06 [ INFO] DataBaseTestConfig:19 - Create DB connection
2024-12-11 13:19:06 [ INFO] DataBaseTestConfig:29 - Closing DB connection
2024-12-11 13:19:06 [ INFO] DataBaseTestConfig:19 - Create DB connection
2024-12-11 13:19:06 [ INFO] DataBaseTestConfig:51 - Closing Result Set
2024-12-11 13:19:06 [ INFO] DataBaseTestConfig:40 - Closing Prepared Statement
2024-12-11 13:19:06 [ INFO] DataBaseTestConfig:29 - Closing DB connection
2024-12-11 13:19:06 [ INFO] DataBaseTestConfig:19 - Create DB connection
2024-12-11 13:19:06 [ INFO] DataBaseTestConfig:51 - Closing Result Set
2024-12-11 13:19:06 [ INFO] DataBaseTestConfig:40 - Closing Prepared Statement
2024-12-11 13:19:06 [ INFO] DataBaseTestConfig:29 - Closing DB connection
2024-12-11 13:19:06 [ INFO] DataBaseTestConfig:19 - Create DB connection
2024-12-11 13:19:06 [ INFO] DataBaseTestConfig:40 - Closing Prepared Statement
2024-12-11 13:19:06 [ INFO] DataBaseTestConfig:29 - Closing DB connection
2024-12-11 13:19:06 [ INFO] DataBaseTestConfig:19 - Create DB connection
2024-12-11 13:19:06 [ INFO] DataBaseTestConfig:19 - Create DB connection
2024-12-11 13:19:06 [ INFO] DataBaseTestConfig:19 - Create DB connection
2024-12-11 13:19:06 [ INFO] DataBaseTestConfig:51 - Closing Result Set
2024-12-11 13:19:06 [ INFO] DataBaseTestConfig:40 - Closing Prepared Statement
2024-12-11 13:19:06 [ INFO] DataBaseTestConfig:29 - Closing DB connection
2024-12-11 13:19:06 [ INFO] DataBaseTestConfig:19 - Create DB connection
2024-12-11 13:19:06 [ INFO] DataBaseTestConfig:51 - Closing Result Set
2024-12-11 13:19:06 [ INFO] DataBaseTestConfig:40 - Closing Prepared Statement
2024-12-11 13:19:06 [ INFO] DataBaseTestConfig:29 - Closing DB connection
2024-12-11 13:28:28 [DEBUG] FareCalculatorService:42 - Price before rounding: 0.95
2024-12-11 13:28:28 [DEBUG] FareCalculatorService:54 - Price after first rounding: 0.95
2024-12-11 13:28:28 [DEBUG] FareCalculatorService:44 - Price after rounding: 0.95
2024-12-11 13:28:28 [DEBUG] FareCalculatorService:42 - Price before rounding: 1.125
2024-12-11 13:28:28 [DEBUG] FareCalculatorService:54 - Price after first rounding: 1.125
2024-12-11 13:28:28 [DEBUG] FareCalculatorService:44 - Price after rounding: 1.12
2024-12-11 13:28:28 [DEBUG] FareCalculatorService:42 - Price before rounding: 1.4249999999999998
2024-12-11 13:28:28 [DEBUG] FareCalculatorService:54 - Price after first rounding: 1.425
2024-12-11 13:28:28 [DEBUG] FareCalculatorService:44 - Price after rounding: 1.42
2024-12-11 13:28:28 [DEBUG] FareCalculatorService:42 - Price before rounding: 1.5
2024-12-11 13:28:28 [DEBUG] FareCalculatorService:54 - Price after first rounding: 1.5
2024-12-11 13:28:28 [DEBUG] FareCalculatorService:44 - Price after rounding: 1.5
2024-12-11 13:28:28 [DEBUG] FareCalculatorService:42 - Price before rounding: 1.0
2024-12-11 13:28:28 [DEBUG] FareCalculatorService:54 - Price after first rounding: 1.0
2024-12-11 13:28:28 [DEBUG] FareCalculatorService:44 - Price after rounding: 1.0
2024-12-11 13:28:28 [DEBUG] FareCalculatorService:42 - Price before rounding: 36.0
2024-12-11 13:28:28 [DEBUG] FareCalculatorService:54 - Price after first rounding: 36.0
2024-12-11 13:28:28 [DEBUG] FareCalculatorService:44 - Price after rounding: 36.0
2024-12-11 13:28:28 [DEBUG] FareCalculatorService:42 - Price before rounding: 0.75
2024-12-11 13:28:28 [DEBUG] FareCalculatorService:54 - Price after first rounding: 0.75
2024-12-11 13:28:28 [DEBUG] FareCalculatorService:44 - Price after rounding: 0.75
2024-12-11 13:28:28 [ERROR] ParkingService:79 - Error fetching next available parking slot
java.lang.Exception: Error fetching parking number from DB. Parking slots might be full
	at com.parkit.parkingsystem.service.ParkingService.getNextParkingNumberIfAvailable(ParkingService.java:74) ~[classes/:?]
	at com.parkit.parkingsystem.ParkingServiceTest.testGetNextParkingNumberIfAvailableParkingNumberNotFound(ParkingServiceTest.java:113) ~[test-classes/:?]
	at jdk.internal.reflect.NativeMethodAccessorImpl.invoke0(Native Method) ~[?:?]
	at jdk.internal.reflect.NativeMethodAccessorImpl.invoke(NativeMethodAccessorImpl.java:77) ~[?:?]
	at jdk.internal.reflect.DelegatingMethodAccessorImpl.invoke(DelegatingMethodAccessorImpl.java:43) ~[?:?]
	at java.lang.reflect.Method.invoke(Method.java:569) ~[?:?]
	at org.junit.platform.commons.util.ReflectionUtils.invokeMethod(ReflectionUtils.java:688) ~[junit-platform-commons-1.7.0.jar:1.7.0]
	at org.junit.jupiter.engine.execution.MethodInvocation.proceed(MethodInvocation.java:60) ~[junit-jupiter-engine-5.7.0.jar:5.7.0]
	at org.junit.jupiter.engine.execution.InvocationInterceptorChain$ValidatingInvocation.proceed(InvocationInterceptorChain.java:131) ~[junit-jupiter-engine-5.7.0.jar:5.7.0]
	at org.junit.jupiter.engine.extension.TimeoutExtension.intercept(TimeoutExtension.java:149) ~[junit-jupiter-engine-5.7.0.jar:5.7.0]
	at org.junit.jupiter.engine.extension.TimeoutExtension.interceptTestableMethod(TimeoutExtension.java:140) ~[junit-jupiter-engine-5.7.0.jar:5.7.0]
	at org.junit.jupiter.engine.extension.TimeoutExtension.interceptTestMethod(TimeoutExtension.java:84) ~[junit-jupiter-engine-5.7.0.jar:5.7.0]
	at org.junit.jupiter.engine.execution.ExecutableInvoker$ReflectiveInterceptorCall.lambda$ofVoidMethod$0(ExecutableInvoker.java:115) ~[junit-jupiter-engine-5.7.0.jar:5.7.0]
	at org.junit.jupiter.engine.execution.ExecutableInvoker.lambda$invoke$0(ExecutableInvoker.java:105) ~[junit-jupiter-engine-5.7.0.jar:5.7.0]
	at org.junit.jupiter.engine.execution.InvocationInterceptorChain$InterceptedInvocation.proceed(InvocationInterceptorChain.java:106) ~[junit-jupiter-engine-5.7.0.jar:5.7.0]
	at org.junit.jupiter.engine.execution.InvocationInterceptorChain.proceed(InvocationInterceptorChain.java:64) ~[junit-jupiter-engine-5.7.0.jar:5.7.0]
	at org.junit.jupiter.engine.execution.InvocationInterceptorChain.chainAndInvoke(InvocationInterceptorChain.java:45) ~[junit-jupiter-engine-5.7.0.jar:5.7.0]
	at org.junit.jupiter.engine.execution.InvocationInterceptorChain.invoke(InvocationInterceptorChain.java:37) ~[junit-jupiter-engine-5.7.0.jar:5.7.0]
	at org.junit.jupiter.engine.execution.ExecutableInvoker.invoke(ExecutableInvoker.java:104) ~[junit-jupiter-engine-5.7.0.jar:5.7.0]
	at org.junit.jupiter.engine.execution.ExecutableInvoker.invoke(ExecutableInvoker.java:98) ~[junit-jupiter-engine-5.7.0.jar:5.7.0]
	at org.junit.jupiter.engine.descriptor.TestMethodTestDescriptor.lambda$invokeTestMethod$6(TestMethodTestDescriptor.java:210) ~[junit-jupiter-engine-5.7.0.jar:5.7.0]
	at org.junit.platform.engine.support.hierarchical.ThrowableCollector.execute(ThrowableCollector.java:73) ~[junit-platform-engine-1.7.0.jar:1.7.0]
	at org.junit.jupiter.engine.descriptor.TestMethodTestDescriptor.invokeTestMethod(TestMethodTestDescriptor.java:206) ~[junit-jupiter-engine-5.7.0.jar:5.7.0]
	at org.junit.jupiter.engine.descriptor.TestMethodTestDescriptor.execute(TestMethodTestDescriptor.java:131) ~[junit-jupiter-engine-5.7.0.jar:5.7.0]
	at org.junit.jupiter.engine.descriptor.TestMethodTestDescriptor.execute(TestMethodTestDescriptor.java:65) ~[junit-jupiter-engine-5.7.0.jar:5.7.0]
	at org.junit.platform.engine.support.hierarchical.NodeTestTask.lambda$executeRecursively$5(NodeTestTask.java:139) ~[junit-platform-engine-1.7.0.jar:1.7.0]
	at org.junit.platform.engine.support.hierarchical.ThrowableCollector.execute(ThrowableCollector.java:73) ~[junit-platform-engine-1.7.0.jar:1.7.0]
	at org.junit.platform.engine.support.hierarchical.NodeTestTask.lambda$executeRecursively$7(NodeTestTask.java:129) ~[junit-platform-engine-1.7.0.jar:1.7.0]
	at org.junit.platform.engine.support.hierarchical.Node.around(Node.java:137) ~[junit-platform-engine-1.7.0.jar:1.7.0]
	at org.junit.platform.engine.support.hierarchical.NodeTestTask.lambda$executeRecursively$8(NodeTestTask.java:127) ~[junit-platform-engine-1.7.0.jar:1.7.0]
	at org.junit.platform.engine.support.hierarchical.ThrowableCollector.execute(ThrowableCollector.java:73) ~[junit-platform-engine-1.7.0.jar:1.7.0]
	at org.junit.platform.engine.support.hierarchical.NodeTestTask.executeRecursively(NodeTestTask.java:126) ~[junit-platform-engine-1.7.0.jar:1.7.0]
	at org.junit.platform.engine.support.hierarchical.NodeTestTask.execute(NodeTestTask.java:84) ~[junit-platform-engine-1.7.0.jar:1.7.0]
	at java.util.ArrayList.forEach(ArrayList.java:1511) ~[?:?]
	at org.junit.platform.engine.support.hierarchical.SameThreadHierarchicalTestExecutorService.invokeAll(SameThreadHierarchicalTestExecutorService.java:38) ~[junit-platform-engine-1.7.0.jar:1.7.0]
	at org.junit.platform.engine.support.hierarchical.NodeTestTask.lambda$executeRecursively$5(NodeTestTask.java:143) ~[junit-platform-engine-1.7.0.jar:1.7.0]
	at org.junit.platform.engine.support.hierarchical.ThrowableCollector.execute(ThrowableCollector.java:73) ~[junit-platform-engine-1.7.0.jar:1.7.0]
	at org.junit.platform.engine.support.hierarchical.NodeTestTask.lambda$executeRecursively$7(NodeTestTask.java:129) ~[junit-platform-engine-1.7.0.jar:1.7.0]
	at org.junit.platform.engine.support.hierarchical.Node.around(Node.java:137) ~[junit-platform-engine-1.7.0.jar:1.7.0]
	at org.junit.platform.engine.support.hierarchical.NodeTestTask.lambda$executeRecursively$8(NodeTestTask.java:127) ~[junit-platform-engine-1.7.0.jar:1.7.0]
	at org.junit.platform.engine.support.hierarchical.ThrowableCollector.execute(ThrowableCollector.java:73) ~[junit-platform-engine-1.7.0.jar:1.7.0]
	at org.junit.platform.engine.support.hierarchical.NodeTestTask.executeRecursively(NodeTestTask.java:126) ~[junit-platform-engine-1.7.0.jar:1.7.0]
	at org.junit.platform.engine.support.hierarchical.NodeTestTask.execute(NodeTestTask.java:84) ~[junit-platform-engine-1.7.0.jar:1.7.0]
	at java.util.ArrayList.forEach(ArrayList.java:1511) ~[?:?]
	at org.junit.platform.engine.support.hierarchical.SameThreadHierarchicalTestExecutorService.invokeAll(SameThreadHierarchicalTestExecutorService.java:38) ~[junit-platform-engine-1.7.0.jar:1.7.0]
	at org.junit.platform.engine.support.hierarchical.NodeTestTask.lambda$executeRecursively$5(NodeTestTask.java:143) ~[junit-platform-engine-1.7.0.jar:1.7.0]
	at org.junit.platform.engine.support.hierarchical.ThrowableCollector.execute(ThrowableCollector.java:73) ~[junit-platform-engine-1.7.0.jar:1.7.0]
	at org.junit.platform.engine.support.hierarchical.NodeTestTask.lambda$executeRecursively$7(NodeTestTask.java:129) ~[junit-platform-engine-1.7.0.jar:1.7.0]
	at org.junit.platform.engine.support.hierarchical.Node.around(Node.java:137) ~[junit-platform-engine-1.7.0.jar:1.7.0]
	at org.junit.platform.engine.support.hierarchical.NodeTestTask.lambda$executeRecursively$8(NodeTestTask.java:127) ~[junit-platform-engine-1.7.0.jar:1.7.0]
	at org.junit.platform.engine.support.hierarchical.ThrowableCollector.execute(ThrowableCollector.java:73) ~[junit-platform-engine-1.7.0.jar:1.7.0]
	at org.junit.platform.engine.support.hierarchical.NodeTestTask.executeRecursively(NodeTestTask.java:126) ~[junit-platform-engine-1.7.0.jar:1.7.0]
	at org.junit.platform.engine.support.hierarchical.NodeTestTask.execute(NodeTestTask.java:84) ~[junit-platform-engine-1.7.0.jar:1.7.0]
	at org.junit.platform.engine.support.hierarchical.SameThreadHierarchicalTestExecutorService.submit(SameThreadHierarchicalTestExecutorService.java:32) ~[junit-platform-engine-1.7.0.jar:1.7.0]
	at org.junit.platform.engine.support.hierarchical.HierarchicalTestExecutor.execute(HierarchicalTestExecutor.java:57) ~[junit-platform-engine-1.7.0.jar:1.7.0]
	at org.junit.platform.engine.support.hierarchical.HierarchicalTestEngine.execute(HierarchicalTestEngine.java:51) ~[junit-platform-engine-1.7.0.jar:1.7.0]
	at org.junit.platform.launcher.core.EngineExecutionOrchestrator.execute(EngineExecutionOrchestrator.java:108) ~[junit-platform-launcher-1.7.0.jar:1.7.0]
	at org.junit.platform.launcher.core.EngineExecutionOrchestrator.execute(EngineExecutionOrchestrator.java:88) ~[junit-platform-launcher-1.7.0.jar:1.7.0]
	at org.junit.platform.launcher.core.EngineExecutionOrchestrator.lambda$execute$0(EngineExecutionOrchestrator.java:54) ~[junit-platform-launcher-1.7.0.jar:1.7.0]
	at org.junit.platform.launcher.core.EngineExecutionOrchestrator.withInterceptedStreams(EngineExecutionOrchestrator.java:67) [junit-platform-launcher-1.7.0.jar:1.7.0]
	at org.junit.platform.launcher.core.EngineExecutionOrchestrator.execute(EngineExecutionOrchestrator.java:52) [junit-platform-launcher-1.7.0.jar:1.7.0]
	at org.junit.platform.launcher.core.DefaultLauncher.execute(DefaultLauncher.java:96) [junit-platform-launcher-1.7.0.jar:1.7.0]
	at org.junit.platform.launcher.core.DefaultLauncher.execute(DefaultLauncher.java:75) [junit-platform-launcher-1.7.0.jar:1.7.0]
	at org.apache.maven.surefire.junitplatform.JUnitPlatformProvider.execute(JUnitPlatformProvider.java:188) [surefire-junit-platform-3.0.0-M5.jar:3.0.0-M5]
	at org.apache.maven.surefire.junitplatform.JUnitPlatformProvider.invokeAllTests(JUnitPlatformProvider.java:154) [surefire-junit-platform-3.0.0-M5.jar:3.0.0-M5]
	at org.apache.maven.surefire.junitplatform.JUnitPlatformProvider.invoke(JUnitPlatformProvider.java:128) [surefire-junit-platform-3.0.0-M5.jar:3.0.0-M5]
	at org.apache.maven.surefire.booter.ForkedBooter.runSuitesInProcess(ForkedBooter.java:428) [surefire-booter-3.0.0-M5.jar:3.0.0-M5]
	at org.apache.maven.surefire.booter.ForkedBooter.execute(ForkedBooter.java:162) [surefire-booter-3.0.0-M5.jar:3.0.0-M5]
	at org.apache.maven.surefire.booter.ForkedBooter.run(ForkedBooter.java:562) [surefire-booter-3.0.0-M5.jar:3.0.0-M5]
	at org.apache.maven.surefire.booter.ForkedBooter.main(ForkedBooter.java:548) [surefire-booter-3.0.0-M5.jar:3.0.0-M5]
2024-12-11 13:28:28 [DEBUG] FareCalculatorService:42 - Price before rounding: 1.5000004166666665
2024-12-11 13:28:28 [DEBUG] FareCalculatorService:54 - Price after first rounding: 1.5
2024-12-11 13:28:28 [DEBUG] FareCalculatorService:44 - Price after rounding: 1.5
2024-12-11 13:28:28 [ERROR] ParkingService:77 - Error parsing user input for type of vehicle
java.lang.IllegalArgumentException: Entered input is invalid
	at com.parkit.parkingsystem.service.ParkingService.getVehichleType(ParkingService.java:98) ~[classes/:?]
	at com.parkit.parkingsystem.service.ParkingService.getNextParkingNumberIfAvailable(ParkingService.java:69) ~[classes/:?]
	at com.parkit.parkingsystem.ParkingServiceTest.testGetNextParkingNumberIfAvailableParkingNumberWrongArgument(ParkingServiceTest.java:122) ~[test-classes/:?]
	at jdk.internal.reflect.NativeMethodAccessorImpl.invoke0(Native Method) ~[?:?]
	at jdk.internal.reflect.NativeMethodAccessorImpl.invoke(NativeMethodAccessorImpl.java:77) ~[?:?]
	at jdk.internal.reflect.DelegatingMethodAccessorImpl.invoke(DelegatingMethodAccessorImpl.java:43) ~[?:?]
	at java.lang.reflect.Method.invoke(Method.java:569) ~[?:?]
	at org.junit.platform.commons.util.ReflectionUtils.invokeMethod(ReflectionUtils.java:688) ~[junit-platform-commons-1.7.0.jar:1.7.0]
	at org.junit.jupiter.engine.execution.MethodInvocation.proceed(MethodInvocation.java:60) ~[junit-jupiter-engine-5.7.0.jar:5.7.0]
	at org.junit.jupiter.engine.execution.InvocationInterceptorChain$ValidatingInvocation.proceed(InvocationInterceptorChain.java:131) ~[junit-jupiter-engine-5.7.0.jar:5.7.0]
	at org.junit.jupiter.engine.extension.TimeoutExtension.intercept(TimeoutExtension.java:149) ~[junit-jupiter-engine-5.7.0.jar:5.7.0]
	at org.junit.jupiter.engine.extension.TimeoutExtension.interceptTestableMethod(TimeoutExtension.java:140) ~[junit-jupiter-engine-5.7.0.jar:5.7.0]
	at org.junit.jupiter.engine.extension.TimeoutExtension.interceptTestMethod(TimeoutExtension.java:84) ~[junit-jupiter-engine-5.7.0.jar:5.7.0]
	at org.junit.jupiter.engine.execution.ExecutableInvoker$ReflectiveInterceptorCall.lambda$ofVoidMethod$0(ExecutableInvoker.java:115) ~[junit-jupiter-engine-5.7.0.jar:5.7.0]
	at org.junit.jupiter.engine.execution.ExecutableInvoker.lambda$invoke$0(ExecutableInvoker.java:105) ~[junit-jupiter-engine-5.7.0.jar:5.7.0]
	at org.junit.jupiter.engine.execution.InvocationInterceptorChain$InterceptedInvocation.proceed(InvocationInterceptorChain.java:106) ~[junit-jupiter-engine-5.7.0.jar:5.7.0]
	at org.junit.jupiter.engine.execution.InvocationInterceptorChain.proceed(InvocationInterceptorChain.java:64) ~[junit-jupiter-engine-5.7.0.jar:5.7.0]
	at org.junit.jupiter.engine.execution.InvocationInterceptorChain.chainAndInvoke(InvocationInterceptorChain.java:45) ~[junit-jupiter-engine-5.7.0.jar:5.7.0]
	at org.junit.jupiter.engine.execution.InvocationInterceptorChain.invoke(InvocationInterceptorChain.java:37) ~[junit-jupiter-engine-5.7.0.jar:5.7.0]
	at org.junit.jupiter.engine.execution.ExecutableInvoker.invoke(ExecutableInvoker.java:104) ~[junit-jupiter-engine-5.7.0.jar:5.7.0]
	at org.junit.jupiter.engine.execution.ExecutableInvoker.invoke(ExecutableInvoker.java:98) ~[junit-jupiter-engine-5.7.0.jar:5.7.0]
	at org.junit.jupiter.engine.descriptor.TestMethodTestDescriptor.lambda$invokeTestMethod$6(TestMethodTestDescriptor.java:210) ~[junit-jupiter-engine-5.7.0.jar:5.7.0]
	at org.junit.platform.engine.support.hierarchical.ThrowableCollector.execute(ThrowableCollector.java:73) ~[junit-platform-engine-1.7.0.jar:1.7.0]
	at org.junit.jupiter.engine.descriptor.TestMethodTestDescriptor.invokeTestMethod(TestMethodTestDescriptor.java:206) ~[junit-jupiter-engine-5.7.0.jar:5.7.0]
	at org.junit.jupiter.engine.descriptor.TestMethodTestDescriptor.execute(TestMethodTestDescriptor.java:131) ~[junit-jupiter-engine-5.7.0.jar:5.7.0]
	at org.junit.jupiter.engine.descriptor.TestMethodTestDescriptor.execute(TestMethodTestDescriptor.java:65) ~[junit-jupiter-engine-5.7.0.jar:5.7.0]
	at org.junit.platform.engine.support.hierarchical.NodeTestTask.lambda$executeRecursively$5(NodeTestTask.java:139) ~[junit-platform-engine-1.7.0.jar:1.7.0]
	at org.junit.platform.engine.support.hierarchical.ThrowableCollector.execute(ThrowableCollector.java:73) ~[junit-platform-engine-1.7.0.jar:1.7.0]
	at org.junit.platform.engine.support.hierarchical.NodeTestTask.lambda$executeRecursively$7(NodeTestTask.java:129) ~[junit-platform-engine-1.7.0.jar:1.7.0]
	at org.junit.platform.engine.support.hierarchical.Node.around(Node.java:137) ~[junit-platform-engine-1.7.0.jar:1.7.0]
	at org.junit.platform.engine.support.hierarchical.NodeTestTask.lambda$executeRecursively$8(NodeTestTask.java:127) ~[junit-platform-engine-1.7.0.jar:1.7.0]
	at org.junit.platform.engine.support.hierarchical.ThrowableCollector.execute(ThrowableCollector.java:73) ~[junit-platform-engine-1.7.0.jar:1.7.0]
	at org.junit.platform.engine.support.hierarchical.NodeTestTask.executeRecursively(NodeTestTask.java:126) ~[junit-platform-engine-1.7.0.jar:1.7.0]
	at org.junit.platform.engine.support.hierarchical.NodeTestTask.execute(NodeTestTask.java:84) ~[junit-platform-engine-1.7.0.jar:1.7.0]
	at java.util.ArrayList.forEach(ArrayList.java:1511) ~[?:?]
	at org.junit.platform.engine.support.hierarchical.SameThreadHierarchicalTestExecutorService.invokeAll(SameThreadHierarchicalTestExecutorService.java:38) ~[junit-platform-engine-1.7.0.jar:1.7.0]
	at org.junit.platform.engine.support.hierarchical.NodeTestTask.lambda$executeRecursively$5(NodeTestTask.java:143) ~[junit-platform-engine-1.7.0.jar:1.7.0]
	at org.junit.platform.engine.support.hierarchical.ThrowableCollector.execute(ThrowableCollector.java:73) ~[junit-platform-engine-1.7.0.jar:1.7.0]
	at org.junit.platform.engine.support.hierarchical.NodeTestTask.lambda$executeRecursively$7(NodeTestTask.java:129) ~[junit-platform-engine-1.7.0.jar:1.7.0]
	at org.junit.platform.engine.support.hierarchical.Node.around(Node.java:137) ~[junit-platform-engine-1.7.0.jar:1.7.0]
	at org.junit.platform.engine.support.hierarchical.NodeTestTask.lambda$executeRecursively$8(NodeTestTask.java:127) ~[junit-platform-engine-1.7.0.jar:1.7.0]
	at org.junit.platform.engine.support.hierarchical.ThrowableCollector.execute(ThrowableCollector.java:73) ~[junit-platform-engine-1.7.0.jar:1.7.0]
	at org.junit.platform.engine.support.hierarchical.NodeTestTask.executeRecursively(NodeTestTask.java:126) ~[junit-platform-engine-1.7.0.jar:1.7.0]
	at org.junit.platform.engine.support.hierarchical.NodeTestTask.execute(NodeTestTask.java:84) ~[junit-platform-engine-1.7.0.jar:1.7.0]
	at java.util.ArrayList.forEach(ArrayList.java:1511) ~[?:?]
	at org.junit.platform.engine.support.hierarchical.SameThreadHierarchicalTestExecutorService.invokeAll(SameThreadHierarchicalTestExecutorService.java:38) ~[junit-platform-engine-1.7.0.jar:1.7.0]
	at org.junit.platform.engine.support.hierarchical.NodeTestTask.lambda$executeRecursively$5(NodeTestTask.java:143) ~[junit-platform-engine-1.7.0.jar:1.7.0]
	at org.junit.platform.engine.support.hierarchical.ThrowableCollector.execute(ThrowableCollector.java:73) ~[junit-platform-engine-1.7.0.jar:1.7.0]
	at org.junit.platform.engine.support.hierarchical.NodeTestTask.lambda$executeRecursively$7(NodeTestTask.java:129) ~[junit-platform-engine-1.7.0.jar:1.7.0]
	at org.junit.platform.engine.support.hierarchical.Node.around(Node.java:137) ~[junit-platform-engine-1.7.0.jar:1.7.0]
	at org.junit.platform.engine.support.hierarchical.NodeTestTask.lambda$executeRecursively$8(NodeTestTask.java:127) ~[junit-platform-engine-1.7.0.jar:1.7.0]
	at org.junit.platform.engine.support.hierarchical.ThrowableCollector.execute(ThrowableCollector.java:73) ~[junit-platform-engine-1.7.0.jar:1.7.0]
	at org.junit.platform.engine.support.hierarchical.NodeTestTask.executeRecursively(NodeTestTask.java:126) ~[junit-platform-engine-1.7.0.jar:1.7.0]
	at org.junit.platform.engine.support.hierarchical.NodeTestTask.execute(NodeTestTask.java:84) ~[junit-platform-engine-1.7.0.jar:1.7.0]
	at org.junit.platform.engine.support.hierarchical.SameThreadHierarchicalTestExecutorService.submit(SameThreadHierarchicalTestExecutorService.java:32) ~[junit-platform-engine-1.7.0.jar:1.7.0]
	at org.junit.platform.engine.support.hierarchical.HierarchicalTestExecutor.execute(HierarchicalTestExecutor.java:57) ~[junit-platform-engine-1.7.0.jar:1.7.0]
	at org.junit.platform.engine.support.hierarchical.HierarchicalTestEngine.execute(HierarchicalTestEngine.java:51) ~[junit-platform-engine-1.7.0.jar:1.7.0]
	at org.junit.platform.launcher.core.EngineExecutionOrchestrator.execute(EngineExecutionOrchestrator.java:108) ~[junit-platform-launcher-1.7.0.jar:1.7.0]
	at org.junit.platform.launcher.core.EngineExecutionOrchestrator.execute(EngineExecutionOrchestrator.java:88) ~[junit-platform-launcher-1.7.0.jar:1.7.0]
	at org.junit.platform.launcher.core.EngineExecutionOrchestrator.lambda$execute$0(EngineExecutionOrchestrator.java:54) ~[junit-platform-launcher-1.7.0.jar:1.7.0]
	at org.junit.platform.launcher.core.EngineExecutionOrchestrator.withInterceptedStreams(EngineExecutionOrchestrator.java:67) [junit-platform-launcher-1.7.0.jar:1.7.0]
	at org.junit.platform.launcher.core.EngineExecutionOrchestrator.execute(EngineExecutionOrchestrator.java:52) [junit-platform-launcher-1.7.0.jar:1.7.0]
	at org.junit.platform.launcher.core.DefaultLauncher.execute(DefaultLauncher.java:96) [junit-platform-launcher-1.7.0.jar:1.7.0]
	at org.junit.platform.launcher.core.DefaultLauncher.execute(DefaultLauncher.java:75) [junit-platform-launcher-1.7.0.jar:1.7.0]
	at org.apache.maven.surefire.junitplatform.JUnitPlatformProvider.execute(JUnitPlatformProvider.java:188) [surefire-junit-platform-3.0.0-M5.jar:3.0.0-M5]
	at org.apache.maven.surefire.junitplatform.JUnitPlatformProvider.invokeAllTests(JUnitPlatformProvider.java:154) [surefire-junit-platform-3.0.0-M5.jar:3.0.0-M5]
	at org.apache.maven.surefire.junitplatform.JUnitPlatformProvider.invoke(JUnitPlatformProvider.java:128) [surefire-junit-platform-3.0.0-M5.jar:3.0.0-M5]
	at org.apache.maven.surefire.booter.ForkedBooter.runSuitesInProcess(ForkedBooter.java:428) [surefire-booter-3.0.0-M5.jar:3.0.0-M5]
	at org.apache.maven.surefire.booter.ForkedBooter.execute(ForkedBooter.java:162) [surefire-booter-3.0.0-M5.jar:3.0.0-M5]
	at org.apache.maven.surefire.booter.ForkedBooter.run(ForkedBooter.java:562) [surefire-booter-3.0.0-M5.jar:3.0.0-M5]
	at org.apache.maven.surefire.booter.ForkedBooter.main(ForkedBooter.java:548) [surefire-booter-3.0.0-M5.jar:3.0.0-M5]
2024-12-11 13:28:28 [DEBUG] FareCalculatorService:42 - Price before rounding: 1.5000004166666665
2024-12-11 13:28:28 [DEBUG] FareCalculatorService:54 - Price after first rounding: 1.5
2024-12-11 13:28:28 [DEBUG] FareCalculatorService:44 - Price after rounding: 1.5
2024-12-11 13:33:06 [DEBUG] FareCalculatorService:42 - Price before rounding: 0.95
2024-12-11 13:33:06 [DEBUG] FareCalculatorService:54 - Price after first rounding: 0.95
2024-12-11 13:33:06 [DEBUG] FareCalculatorService:44 - Price after rounding: 0.95
2024-12-11 13:33:06 [DEBUG] FareCalculatorService:42 - Price before rounding: 1.125
2024-12-11 13:33:06 [DEBUG] FareCalculatorService:54 - Price after first rounding: 1.125
2024-12-11 13:33:06 [DEBUG] FareCalculatorService:44 - Price after rounding: 1.12
2024-12-11 13:33:06 [DEBUG] FareCalculatorService:42 - Price before rounding: 1.4249999999999998
2024-12-11 13:33:06 [DEBUG] FareCalculatorService:54 - Price after first rounding: 1.425
2024-12-11 13:33:06 [DEBUG] FareCalculatorService:44 - Price after rounding: 1.42
2024-12-11 13:33:06 [DEBUG] FareCalculatorService:42 - Price before rounding: 1.5
2024-12-11 13:33:06 [DEBUG] FareCalculatorService:54 - Price after first rounding: 1.5
2024-12-11 13:33:06 [DEBUG] FareCalculatorService:44 - Price after rounding: 1.5
2024-12-11 13:33:06 [DEBUG] FareCalculatorService:42 - Price before rounding: 1.0
2024-12-11 13:33:06 [DEBUG] FareCalculatorService:54 - Price after first rounding: 1.0
2024-12-11 13:33:06 [DEBUG] FareCalculatorService:44 - Price after rounding: 1.0
2024-12-11 13:33:06 [DEBUG] FareCalculatorService:42 - Price before rounding: 36.0
2024-12-11 13:33:06 [DEBUG] FareCalculatorService:54 - Price after first rounding: 36.0
2024-12-11 13:33:06 [DEBUG] FareCalculatorService:44 - Price after rounding: 36.0
2024-12-11 13:33:06 [DEBUG] FareCalculatorService:42 - Price before rounding: 0.75
2024-12-11 13:33:06 [DEBUG] FareCalculatorService:54 - Price after first rounding: 0.75
2024-12-11 13:33:06 [DEBUG] FareCalculatorService:44 - Price after rounding: 0.75
2024-12-11 13:33:07 [ERROR] ParkingService:79 - Error fetching next available parking slot
java.lang.Exception: Error fetching parking number from DB. Parking slots might be full
	at com.parkit.parkingsystem.service.ParkingService.getNextParkingNumberIfAvailable(ParkingService.java:74) ~[classes/:?]
	at com.parkit.parkingsystem.ParkingServiceTest.testGetNextParkingNumberIfAvailableParkingNumberNotFound(ParkingServiceTest.java:113) ~[test-classes/:?]
	at jdk.internal.reflect.NativeMethodAccessorImpl.invoke0(Native Method) ~[?:?]
	at jdk.internal.reflect.NativeMethodAccessorImpl.invoke(NativeMethodAccessorImpl.java:77) ~[?:?]
	at jdk.internal.reflect.DelegatingMethodAccessorImpl.invoke(DelegatingMethodAccessorImpl.java:43) ~[?:?]
	at java.lang.reflect.Method.invoke(Method.java:569) ~[?:?]
	at org.junit.platform.commons.util.ReflectionUtils.invokeMethod(ReflectionUtils.java:532) ~[junit-platform-commons-1.3.2.jar:1.3.2]
	at org.junit.jupiter.engine.execution.ExecutableInvoker.invoke(ExecutableInvoker.java:115) ~[junit-jupiter-engine-5.3.2.jar:5.3.2]
	at org.junit.jupiter.engine.descriptor.TestMethodTestDescriptor.lambda$invokeTestMethod$6(TestMethodTestDescriptor.java:171) ~[junit-jupiter-engine-5.3.2.jar:5.3.2]
	at org.junit.platform.engine.support.hierarchical.ThrowableCollector.execute(ThrowableCollector.java:72) ~[junit-platform-engine-1.3.2.jar:1.3.2]
	at org.junit.jupiter.engine.descriptor.TestMethodTestDescriptor.invokeTestMethod(TestMethodTestDescriptor.java:167) ~[junit-jupiter-engine-5.3.2.jar:5.3.2]
	at org.junit.jupiter.engine.descriptor.TestMethodTestDescriptor.execute(TestMethodTestDescriptor.java:114) ~[junit-jupiter-engine-5.3.2.jar:5.3.2]
	at org.junit.jupiter.engine.descriptor.TestMethodTestDescriptor.execute(TestMethodTestDescriptor.java:59) ~[junit-jupiter-engine-5.3.2.jar:5.3.2]
	at org.junit.platform.engine.support.hierarchical.NodeTestTask.lambda$executeRecursively$4(NodeTestTask.java:108) ~[junit-platform-engine-1.3.2.jar:1.3.2]
	at org.junit.platform.engine.support.hierarchical.ThrowableCollector.execute(ThrowableCollector.java:72) ~[junit-platform-engine-1.3.2.jar:1.3.2]
	at org.junit.platform.engine.support.hierarchical.NodeTestTask.executeRecursively(NodeTestTask.java:98) ~[junit-platform-engine-1.3.2.jar:1.3.2]
	at org.junit.platform.engine.support.hierarchical.NodeTestTask.execute(NodeTestTask.java:74) ~[junit-platform-engine-1.3.2.jar:1.3.2]
	at java.util.ArrayList.forEach(ArrayList.java:1511) ~[?:?]
	at org.junit.platform.engine.support.hierarchical.SameThreadHierarchicalTestExecutorService.invokeAll(SameThreadHierarchicalTestExecutorService.java:38) ~[junit-platform-engine-1.3.2.jar:1.3.2]
	at org.junit.platform.engine.support.hierarchical.NodeTestTask.lambda$executeRecursively$4(NodeTestTask.java:112) ~[junit-platform-engine-1.3.2.jar:1.3.2]
	at org.junit.platform.engine.support.hierarchical.ThrowableCollector.execute(ThrowableCollector.java:72) ~[junit-platform-engine-1.3.2.jar:1.3.2]
	at org.junit.platform.engine.support.hierarchical.NodeTestTask.executeRecursively(NodeTestTask.java:98) ~[junit-platform-engine-1.3.2.jar:1.3.2]
	at org.junit.platform.engine.support.hierarchical.NodeTestTask.execute(NodeTestTask.java:74) ~[junit-platform-engine-1.3.2.jar:1.3.2]
	at java.util.ArrayList.forEach(ArrayList.java:1511) ~[?:?]
	at org.junit.platform.engine.support.hierarchical.SameThreadHierarchicalTestExecutorService.invokeAll(SameThreadHierarchicalTestExecutorService.java:38) ~[junit-platform-engine-1.3.2.jar:1.3.2]
	at org.junit.platform.engine.support.hierarchical.NodeTestTask.lambda$executeRecursively$4(NodeTestTask.java:112) ~[junit-platform-engine-1.3.2.jar:1.3.2]
	at org.junit.platform.engine.support.hierarchical.ThrowableCollector.execute(ThrowableCollector.java:72) [junit-platform-engine-1.3.2.jar:1.3.2]
	at org.junit.platform.engine.support.hierarchical.NodeTestTask.executeRecursively(NodeTestTask.java:98) [junit-platform-engine-1.3.2.jar:1.3.2]
	at org.junit.platform.engine.support.hierarchical.NodeTestTask.execute(NodeTestTask.java:74) [junit-platform-engine-1.3.2.jar:1.3.2]
	at org.junit.platform.engine.support.hierarchical.SameThreadHierarchicalTestExecutorService.submit(SameThreadHierarchicalTestExecutorService.java:32) [junit-platform-engine-1.3.2.jar:1.3.2]
	at org.junit.platform.engine.support.hierarchical.HierarchicalTestExecutor.execute(HierarchicalTestExecutor.java:57) [junit-platform-engine-1.3.2.jar:1.3.2]
	at org.junit.platform.engine.support.hierarchical.HierarchicalTestEngine.execute(HierarchicalTestEngine.java:51) [junit-platform-engine-1.3.2.jar:1.3.2]
	at org.junit.platform.launcher.core.DefaultLauncher.execute(DefaultLauncher.java:170) [junit-platform-launcher-1.2.0.jar:1.2.0]
	at org.junit.platform.launcher.core.DefaultLauncher.execute(DefaultLauncher.java:154) [junit-platform-launcher-1.2.0.jar:1.2.0]
	at org.junit.platform.launcher.core.DefaultLauncher.execute(DefaultLauncher.java:90) [junit-platform-launcher-1.2.0.jar:1.2.0]
	at org.junit.platform.surefire.provider.JUnitPlatformProvider.invokeAllTests(JUnitPlatformProvider.java:132) [junit-platform-surefire-provider-1.2.0.jar:1.2.0]
	at org.junit.platform.surefire.provider.JUnitPlatformProvider.invoke(JUnitPlatformProvider.java:111) [junit-platform-surefire-provider-1.2.0.jar:1.2.0]
	at org.apache.maven.surefire.booter.ForkedBooter.invokeProviderInSameClassLoader(ForkedBooter.java:383) [surefire-booter-2.22.0.jar:2.22.0]
	at org.apache.maven.surefire.booter.ForkedBooter.runSuitesInProcess(ForkedBooter.java:344) [surefire-booter-2.22.0.jar:2.22.0]
	at org.apache.maven.surefire.booter.ForkedBooter.execute(ForkedBooter.java:125) [surefire-booter-2.22.0.jar:2.22.0]
	at org.apache.maven.surefire.booter.ForkedBooter.main(ForkedBooter.java:417) [surefire-booter-2.22.0.jar:2.22.0]
2024-12-11 13:33:07 [DEBUG] FareCalculatorService:42 - Price before rounding: 1.5000004166666665
2024-12-11 13:33:07 [DEBUG] FareCalculatorService:54 - Price after first rounding: 1.5
2024-12-11 13:33:07 [DEBUG] FareCalculatorService:44 - Price after rounding: 1.5
2024-12-11 13:33:07 [ERROR] ParkingService:77 - Error parsing user input for type of vehicle
java.lang.IllegalArgumentException: Entered input is invalid
	at com.parkit.parkingsystem.service.ParkingService.getVehichleType(ParkingService.java:98) ~[classes/:?]
	at com.parkit.parkingsystem.service.ParkingService.getNextParkingNumberIfAvailable(ParkingService.java:69) ~[classes/:?]
	at com.parkit.parkingsystem.ParkingServiceTest.testGetNextParkingNumberIfAvailableParkingNumberWrongArgument(ParkingServiceTest.java:122) ~[test-classes/:?]
	at jdk.internal.reflect.NativeMethodAccessorImpl.invoke0(Native Method) ~[?:?]
	at jdk.internal.reflect.NativeMethodAccessorImpl.invoke(NativeMethodAccessorImpl.java:77) ~[?:?]
	at jdk.internal.reflect.DelegatingMethodAccessorImpl.invoke(DelegatingMethodAccessorImpl.java:43) ~[?:?]
	at java.lang.reflect.Method.invoke(Method.java:569) ~[?:?]
	at org.junit.platform.commons.util.ReflectionUtils.invokeMethod(ReflectionUtils.java:532) ~[junit-platform-commons-1.3.2.jar:1.3.2]
	at org.junit.jupiter.engine.execution.ExecutableInvoker.invoke(ExecutableInvoker.java:115) ~[junit-jupiter-engine-5.3.2.jar:5.3.2]
	at org.junit.jupiter.engine.descriptor.TestMethodTestDescriptor.lambda$invokeTestMethod$6(TestMethodTestDescriptor.java:171) ~[junit-jupiter-engine-5.3.2.jar:5.3.2]
	at org.junit.platform.engine.support.hierarchical.ThrowableCollector.execute(ThrowableCollector.java:72) ~[junit-platform-engine-1.3.2.jar:1.3.2]
	at org.junit.jupiter.engine.descriptor.TestMethodTestDescriptor.invokeTestMethod(TestMethodTestDescriptor.java:167) ~[junit-jupiter-engine-5.3.2.jar:5.3.2]
	at org.junit.jupiter.engine.descriptor.TestMethodTestDescriptor.execute(TestMethodTestDescriptor.java:114) ~[junit-jupiter-engine-5.3.2.jar:5.3.2]
	at org.junit.jupiter.engine.descriptor.TestMethodTestDescriptor.execute(TestMethodTestDescriptor.java:59) ~[junit-jupiter-engine-5.3.2.jar:5.3.2]
	at org.junit.platform.engine.support.hierarchical.NodeTestTask.lambda$executeRecursively$4(NodeTestTask.java:108) ~[junit-platform-engine-1.3.2.jar:1.3.2]
	at org.junit.platform.engine.support.hierarchical.ThrowableCollector.execute(ThrowableCollector.java:72) ~[junit-platform-engine-1.3.2.jar:1.3.2]
	at org.junit.platform.engine.support.hierarchical.NodeTestTask.executeRecursively(NodeTestTask.java:98) ~[junit-platform-engine-1.3.2.jar:1.3.2]
	at org.junit.platform.engine.support.hierarchical.NodeTestTask.execute(NodeTestTask.java:74) ~[junit-platform-engine-1.3.2.jar:1.3.2]
	at java.util.ArrayList.forEach(ArrayList.java:1511) ~[?:?]
	at org.junit.platform.engine.support.hierarchical.SameThreadHierarchicalTestExecutorService.invokeAll(SameThreadHierarchicalTestExecutorService.java:38) ~[junit-platform-engine-1.3.2.jar:1.3.2]
	at org.junit.platform.engine.support.hierarchical.NodeTestTask.lambda$executeRecursively$4(NodeTestTask.java:112) ~[junit-platform-engine-1.3.2.jar:1.3.2]
	at org.junit.platform.engine.support.hierarchical.ThrowableCollector.execute(ThrowableCollector.java:72) ~[junit-platform-engine-1.3.2.jar:1.3.2]
	at org.junit.platform.engine.support.hierarchical.NodeTestTask.executeRecursively(NodeTestTask.java:98) ~[junit-platform-engine-1.3.2.jar:1.3.2]
	at org.junit.platform.engine.support.hierarchical.NodeTestTask.execute(NodeTestTask.java:74) ~[junit-platform-engine-1.3.2.jar:1.3.2]
	at java.util.ArrayList.forEach(ArrayList.java:1511) ~[?:?]
	at org.junit.platform.engine.support.hierarchical.SameThreadHierarchicalTestExecutorService.invokeAll(SameThreadHierarchicalTestExecutorService.java:38) ~[junit-platform-engine-1.3.2.jar:1.3.2]
	at org.junit.platform.engine.support.hierarchical.NodeTestTask.lambda$executeRecursively$4(NodeTestTask.java:112) ~[junit-platform-engine-1.3.2.jar:1.3.2]
	at org.junit.platform.engine.support.hierarchical.ThrowableCollector.execute(ThrowableCollector.java:72) [junit-platform-engine-1.3.2.jar:1.3.2]
	at org.junit.platform.engine.support.hierarchical.NodeTestTask.executeRecursively(NodeTestTask.java:98) [junit-platform-engine-1.3.2.jar:1.3.2]
	at org.junit.platform.engine.support.hierarchical.NodeTestTask.execute(NodeTestTask.java:74) [junit-platform-engine-1.3.2.jar:1.3.2]
	at org.junit.platform.engine.support.hierarchical.SameThreadHierarchicalTestExecutorService.submit(SameThreadHierarchicalTestExecutorService.java:32) [junit-platform-engine-1.3.2.jar:1.3.2]
	at org.junit.platform.engine.support.hierarchical.HierarchicalTestExecutor.execute(HierarchicalTestExecutor.java:57) [junit-platform-engine-1.3.2.jar:1.3.2]
	at org.junit.platform.engine.support.hierarchical.HierarchicalTestEngine.execute(HierarchicalTestEngine.java:51) [junit-platform-engine-1.3.2.jar:1.3.2]
	at org.junit.platform.launcher.core.DefaultLauncher.execute(DefaultLauncher.java:170) [junit-platform-launcher-1.2.0.jar:1.2.0]
	at org.junit.platform.launcher.core.DefaultLauncher.execute(DefaultLauncher.java:154) [junit-platform-launcher-1.2.0.jar:1.2.0]
	at org.junit.platform.launcher.core.DefaultLauncher.execute(DefaultLauncher.java:90) [junit-platform-launcher-1.2.0.jar:1.2.0]
	at org.junit.platform.surefire.provider.JUnitPlatformProvider.invokeAllTests(JUnitPlatformProvider.java:132) [junit-platform-surefire-provider-1.2.0.jar:1.2.0]
	at org.junit.platform.surefire.provider.JUnitPlatformProvider.invoke(JUnitPlatformProvider.java:111) [junit-platform-surefire-provider-1.2.0.jar:1.2.0]
	at org.apache.maven.surefire.booter.ForkedBooter.invokeProviderInSameClassLoader(ForkedBooter.java:383) [surefire-booter-2.22.0.jar:2.22.0]
	at org.apache.maven.surefire.booter.ForkedBooter.runSuitesInProcess(ForkedBooter.java:344) [surefire-booter-2.22.0.jar:2.22.0]
	at org.apache.maven.surefire.booter.ForkedBooter.execute(ForkedBooter.java:125) [surefire-booter-2.22.0.jar:2.22.0]
	at org.apache.maven.surefire.booter.ForkedBooter.main(ForkedBooter.java:417) [surefire-booter-2.22.0.jar:2.22.0]
2024-12-11 13:33:07 [DEBUG] FareCalculatorService:42 - Price before rounding: 1.5
2024-12-11 13:33:07 [DEBUG] FareCalculatorService:54 - Price after first rounding: 1.5
2024-12-11 13:33:07 [DEBUG] FareCalculatorService:44 - Price after rounding: 1.5
2024-12-11 13:33:15 [ INFO] DataBaseTestConfig:19 - Create DB connection
2024-12-11 13:33:16 [ INFO] DataBaseTestConfig:29 - Closing DB connection
2024-12-11 13:33:16 [ INFO] DataBaseTestConfig:19 - Create DB connection
2024-12-11 13:33:16 [ INFO] DataBaseTestConfig:19 - Create DB connection
2024-12-11 13:33:16 [ INFO] DataBaseTestConfig:51 - Closing Result Set
2024-12-11 13:33:16 [ INFO] DataBaseTestConfig:40 - Closing Prepared Statement
2024-12-11 13:33:16 [ INFO] DataBaseTestConfig:29 - Closing DB connection
2024-12-11 13:33:16 [ INFO] DataBaseTestConfig:19 - Create DB connection
2024-12-11 13:33:16 [ INFO] DataBaseTestConfig:40 - Closing Prepared Statement
2024-12-11 13:33:16 [ INFO] DataBaseTestConfig:29 - Closing DB connection
2024-12-11 13:33:16 [ INFO] DataBaseTestConfig:19 - Create DB connection
2024-12-11 13:33:16 [ INFO] DataBaseTestConfig:19 - Create DB connection
2024-12-11 13:33:16 [ INFO] DataBaseTestConfig:19 - Create DB connection
2024-12-11 13:33:16 [ INFO] DataBaseTestConfig:51 - Closing Result Set
2024-12-11 13:33:16 [ INFO] DataBaseTestConfig:40 - Closing Prepared Statement
2024-12-11 13:33:16 [ INFO] DataBaseTestConfig:29 - Closing DB connection
2024-12-11 13:33:16 [ INFO] DataBaseTestConfig:19 - Create DB connection
2024-12-11 13:33:16 [ INFO] DataBaseTestConfig:29 - Closing DB connection
2024-12-11 13:33:16 [ INFO] DataBaseTestConfig:19 - Create DB connection
2024-12-11 13:33:16 [ INFO] DataBaseTestConfig:51 - Closing Result Set
2024-12-11 13:33:16 [ INFO] DataBaseTestConfig:40 - Closing Prepared Statement
2024-12-11 13:33:16 [ INFO] DataBaseTestConfig:29 - Closing DB connection
2024-12-11 13:33:16 [ INFO] DataBaseTestConfig:19 - Create DB connection
2024-12-11 13:33:16 [DEBUG] FareCalculatorService:42 - Price before rounding: 1.4249675416666665
2024-12-11 13:33:16 [DEBUG] FareCalculatorService:54 - Price after first rounding: 1.425
2024-12-11 13:33:16 [DEBUG] FareCalculatorService:44 - Price after rounding: 1.42
2024-12-11 13:33:16 [ INFO] DataBaseTestConfig:19 - Create DB connection
2024-12-11 13:33:16 [ INFO] DataBaseTestConfig:29 - Closing DB connection
2024-12-11 13:33:16 [ INFO] DataBaseTestConfig:19 - Create DB connection
2024-12-11 13:33:16 [ INFO] DataBaseTestConfig:40 - Closing Prepared Statement
2024-12-11 13:33:16 [ INFO] DataBaseTestConfig:29 - Closing DB connection
2024-12-11 13:33:16 [ INFO] DataBaseTestConfig:19 - Create DB connection
2024-12-11 13:33:17 [ INFO] DataBaseTestConfig:51 - Closing Result Set
2024-12-11 13:33:17 [ INFO] DataBaseTestConfig:40 - Closing Prepared Statement
2024-12-11 13:33:17 [ INFO] DataBaseTestConfig:29 - Closing DB connection
2024-12-11 13:33:17 [ INFO] DataBaseTestConfig:19 - Create DB connection
2024-12-11 13:33:17 [ INFO] DataBaseTestConfig:51 - Closing Result Set
2024-12-11 13:33:17 [ INFO] DataBaseTestConfig:40 - Closing Prepared Statement
2024-12-11 13:33:17 [ INFO] DataBaseTestConfig:29 - Closing DB connection
2024-12-11 13:33:17 [ INFO] DataBaseTestConfig:19 - Create DB connection
2024-12-11 13:33:17 [ INFO] DataBaseTestConfig:29 - Closing DB connection
2024-12-11 13:33:17 [ INFO] DataBaseTestConfig:19 - Create DB connection
2024-12-11 13:33:17 [ INFO] DataBaseTestConfig:51 - Closing Result Set
2024-12-11 13:33:17 [ INFO] DataBaseTestConfig:40 - Closing Prepared Statement
2024-12-11 13:33:17 [ INFO] DataBaseTestConfig:29 - Closing DB connection
2024-12-11 13:33:17 [ INFO] DataBaseTestConfig:19 - Create DB connection
2024-12-11 13:33:17 [ INFO] DataBaseTestConfig:40 - Closing Prepared Statement
2024-12-11 13:33:17 [ INFO] DataBaseTestConfig:29 - Closing DB connection
2024-12-11 13:33:17 [ INFO] DataBaseTestConfig:19 - Create DB connection
2024-12-11 13:33:17 [ INFO] DataBaseTestConfig:19 - Create DB connection
2024-12-11 13:33:17 [ INFO] DataBaseTestConfig:19 - Create DB connection
2024-12-11 13:33:17 [ INFO] DataBaseTestConfig:51 - Closing Result Set
2024-12-11 13:33:17 [ INFO] DataBaseTestConfig:40 - Closing Prepared Statement
2024-12-11 13:33:17 [ INFO] DataBaseTestConfig:29 - Closing DB connection
2024-12-11 13:33:17 [ INFO] DataBaseTestConfig:19 - Create DB connection
2024-12-11 13:33:17 [ INFO] DataBaseTestConfig:29 - Closing DB connection
2024-12-11 13:33:17 [ INFO] DataBaseTestConfig:19 - Create DB connection
2024-12-11 13:33:17 [ INFO] DataBaseTestConfig:51 - Closing Result Set
2024-12-11 13:33:17 [ INFO] DataBaseTestConfig:40 - Closing Prepared Statement
2024-12-11 13:33:17 [ INFO] DataBaseTestConfig:29 - Closing DB connection
2024-12-11 13:33:17 [ INFO] DataBaseTestConfig:19 - Create DB connection
2024-12-11 13:33:17 [DEBUG] FareCalculatorService:42 - Price before rounding: 1.50013
2024-12-11 13:33:17 [DEBUG] FareCalculatorService:54 - Price after first rounding: 1.5
2024-12-11 13:33:17 [DEBUG] FareCalculatorService:44 - Price after rounding: 1.5
2024-12-11 13:33:17 [ INFO] DataBaseTestConfig:19 - Create DB connection
2024-12-11 13:33:17 [ INFO] DataBaseTestConfig:29 - Closing DB connection
2024-12-11 13:33:17 [ INFO] DataBaseTestConfig:19 - Create DB connection
2024-12-11 13:33:17 [ INFO] DataBaseTestConfig:40 - Closing Prepared Statement
2024-12-11 13:33:17 [ INFO] DataBaseTestConfig:29 - Closing DB connection
2024-12-11 13:33:17 [ INFO] DataBaseTestConfig:19 - Create DB connection
2024-12-11 13:33:17 [ INFO] DataBaseTestConfig:51 - Closing Result Set
2024-12-11 13:33:17 [ INFO] DataBaseTestConfig:40 - Closing Prepared Statement
2024-12-11 13:33:17 [ INFO] DataBaseTestConfig:29 - Closing DB connection
2024-12-11 13:33:17 [ INFO] DataBaseTestConfig:19 - Create DB connection
2024-12-11 13:33:17 [ INFO] DataBaseTestConfig:51 - Closing Result Set
2024-12-11 13:33:17 [ INFO] DataBaseTestConfig:40 - Closing Prepared Statement
2024-12-11 13:33:17 [ INFO] DataBaseTestConfig:29 - Closing DB connection
2024-12-11 13:33:17 [ INFO] DataBaseTestConfig:19 - Create DB connection
2024-12-11 13:33:17 [ INFO] DataBaseTestConfig:29 - Closing DB connection
2024-12-11 13:33:17 [ INFO] DataBaseTestConfig:19 - Create DB connection
2024-12-11 13:33:17 [ INFO] DataBaseTestConfig:51 - Closing Result Set
2024-12-11 13:33:17 [ INFO] DataBaseTestConfig:40 - Closing Prepared Statement
2024-12-11 13:33:17 [ INFO] DataBaseTestConfig:29 - Closing DB connection
2024-12-11 13:33:17 [ INFO] DataBaseTestConfig:19 - Create DB connection
2024-12-11 13:33:17 [ INFO] DataBaseTestConfig:51 - Closing Result Set
2024-12-11 13:33:17 [ INFO] DataBaseTestConfig:40 - Closing Prepared Statement
2024-12-11 13:33:17 [ INFO] DataBaseTestConfig:29 - Closing DB connection
2024-12-11 13:33:17 [ INFO] DataBaseTestConfig:19 - Create DB connection
2024-12-11 13:33:17 [ INFO] DataBaseTestConfig:40 - Closing Prepared Statement
2024-12-11 13:33:17 [ INFO] DataBaseTestConfig:29 - Closing DB connection
2024-12-11 13:33:17 [ INFO] DataBaseTestConfig:19 - Create DB connection
2024-12-11 13:33:17 [ INFO] DataBaseTestConfig:19 - Create DB connection
2024-12-11 13:33:17 [ INFO] DataBaseTestConfig:19 - Create DB connection
2024-12-11 13:33:17 [ INFO] DataBaseTestConfig:51 - Closing Result Set
2024-12-11 13:33:17 [ INFO] DataBaseTestConfig:40 - Closing Prepared Statement
2024-12-11 13:33:17 [ INFO] DataBaseTestConfig:29 - Closing DB connection
2024-12-11 13:33:17 [ INFO] DataBaseTestConfig:19 - Create DB connection
2024-12-11 13:33:17 [ INFO] DataBaseTestConfig:51 - Closing Result Set
2024-12-11 13:33:17 [ INFO] DataBaseTestConfig:40 - Closing Prepared Statement
2024-12-11 13:33:17 [ INFO] DataBaseTestConfig:29 - Closing DB connection
2024-12-11 13:35:52 [DEBUG] FareCalculatorService:42 - Price before rounding: 0.95
2024-12-11 13:35:52 [DEBUG] FareCalculatorService:54 - Price after first rounding: 0.95
2024-12-11 13:35:52 [DEBUG] FareCalculatorService:44 - Price after rounding: 0.95
2024-12-11 13:35:52 [DEBUG] FareCalculatorService:42 - Price before rounding: 1.125
2024-12-11 13:35:52 [DEBUG] FareCalculatorService:54 - Price after first rounding: 1.125
2024-12-11 13:35:52 [DEBUG] FareCalculatorService:44 - Price after rounding: 1.12
2024-12-11 13:35:52 [DEBUG] FareCalculatorService:42 - Price before rounding: 1.4249999999999998
2024-12-11 13:35:52 [DEBUG] FareCalculatorService:54 - Price after first rounding: 1.425
2024-12-11 13:35:52 [DEBUG] FareCalculatorService:44 - Price after rounding: 1.42
2024-12-11 13:35:52 [DEBUG] FareCalculatorService:42 - Price before rounding: 1.5
2024-12-11 13:35:52 [DEBUG] FareCalculatorService:54 - Price after first rounding: 1.5
2024-12-11 13:35:52 [DEBUG] FareCalculatorService:44 - Price after rounding: 1.5
2024-12-11 13:35:52 [DEBUG] FareCalculatorService:42 - Price before rounding: 1.0
2024-12-11 13:35:52 [DEBUG] FareCalculatorService:54 - Price after first rounding: 1.0
2024-12-11 13:35:52 [DEBUG] FareCalculatorService:44 - Price after rounding: 1.0
2024-12-11 13:35:52 [DEBUG] FareCalculatorService:42 - Price before rounding: 36.0
2024-12-11 13:35:52 [DEBUG] FareCalculatorService:54 - Price after first rounding: 36.0
2024-12-11 13:35:52 [DEBUG] FareCalculatorService:44 - Price after rounding: 36.0
2024-12-11 13:35:52 [DEBUG] FareCalculatorService:42 - Price before rounding: 0.75
2024-12-11 13:35:52 [DEBUG] FareCalculatorService:54 - Price after first rounding: 0.75
2024-12-11 13:35:52 [DEBUG] FareCalculatorService:44 - Price after rounding: 0.75
2024-12-11 13:35:53 [ERROR] ParkingService:79 - Error fetching next available parking slot
java.lang.Exception: Error fetching parking number from DB. Parking slots might be full
	at com.parkit.parkingsystem.service.ParkingService.getNextParkingNumberIfAvailable(ParkingService.java:74) ~[classes/:?]
	at com.parkit.parkingsystem.ParkingServiceTest.testGetNextParkingNumberIfAvailableParkingNumberNotFound(ParkingServiceTest.java:113) ~[test-classes/:?]
	at jdk.internal.reflect.NativeMethodAccessorImpl.invoke0(Native Method) ~[?:?]
	at jdk.internal.reflect.NativeMethodAccessorImpl.invoke(NativeMethodAccessorImpl.java:77) ~[?:?]
	at jdk.internal.reflect.DelegatingMethodAccessorImpl.invoke(DelegatingMethodAccessorImpl.java:43) ~[?:?]
	at java.lang.reflect.Method.invoke(Method.java:569) ~[?:?]
	at org.junit.platform.commons.util.ReflectionUtils.invokeMethod(ReflectionUtils.java:532) ~[junit-platform-commons-1.3.2.jar:1.3.2]
	at org.junit.jupiter.engine.execution.ExecutableInvoker.invoke(ExecutableInvoker.java:115) ~[junit-jupiter-engine-5.3.2.jar:5.3.2]
	at org.junit.jupiter.engine.descriptor.TestMethodTestDescriptor.lambda$invokeTestMethod$6(TestMethodTestDescriptor.java:171) ~[junit-jupiter-engine-5.3.2.jar:5.3.2]
	at org.junit.platform.engine.support.hierarchical.ThrowableCollector.execute(ThrowableCollector.java:72) ~[junit-platform-engine-1.3.2.jar:1.3.2]
	at org.junit.jupiter.engine.descriptor.TestMethodTestDescriptor.invokeTestMethod(TestMethodTestDescriptor.java:167) ~[junit-jupiter-engine-5.3.2.jar:5.3.2]
	at org.junit.jupiter.engine.descriptor.TestMethodTestDescriptor.execute(TestMethodTestDescriptor.java:114) ~[junit-jupiter-engine-5.3.2.jar:5.3.2]
	at org.junit.jupiter.engine.descriptor.TestMethodTestDescriptor.execute(TestMethodTestDescriptor.java:59) ~[junit-jupiter-engine-5.3.2.jar:5.3.2]
	at org.junit.platform.engine.support.hierarchical.NodeTestTask.lambda$executeRecursively$4(NodeTestTask.java:108) ~[junit-platform-engine-1.3.2.jar:1.3.2]
	at org.junit.platform.engine.support.hierarchical.ThrowableCollector.execute(ThrowableCollector.java:72) ~[junit-platform-engine-1.3.2.jar:1.3.2]
	at org.junit.platform.engine.support.hierarchical.NodeTestTask.executeRecursively(NodeTestTask.java:98) ~[junit-platform-engine-1.3.2.jar:1.3.2]
	at org.junit.platform.engine.support.hierarchical.NodeTestTask.execute(NodeTestTask.java:74) ~[junit-platform-engine-1.3.2.jar:1.3.2]
	at java.util.ArrayList.forEach(ArrayList.java:1511) ~[?:?]
	at org.junit.platform.engine.support.hierarchical.SameThreadHierarchicalTestExecutorService.invokeAll(SameThreadHierarchicalTestExecutorService.java:38) ~[junit-platform-engine-1.3.2.jar:1.3.2]
	at org.junit.platform.engine.support.hierarchical.NodeTestTask.lambda$executeRecursively$4(NodeTestTask.java:112) ~[junit-platform-engine-1.3.2.jar:1.3.2]
	at org.junit.platform.engine.support.hierarchical.ThrowableCollector.execute(ThrowableCollector.java:72) ~[junit-platform-engine-1.3.2.jar:1.3.2]
	at org.junit.platform.engine.support.hierarchical.NodeTestTask.executeRecursively(NodeTestTask.java:98) ~[junit-platform-engine-1.3.2.jar:1.3.2]
	at org.junit.platform.engine.support.hierarchical.NodeTestTask.execute(NodeTestTask.java:74) ~[junit-platform-engine-1.3.2.jar:1.3.2]
	at java.util.ArrayList.forEach(ArrayList.java:1511) ~[?:?]
	at org.junit.platform.engine.support.hierarchical.SameThreadHierarchicalTestExecutorService.invokeAll(SameThreadHierarchicalTestExecutorService.java:38) ~[junit-platform-engine-1.3.2.jar:1.3.2]
	at org.junit.platform.engine.support.hierarchical.NodeTestTask.lambda$executeRecursively$4(NodeTestTask.java:112) ~[junit-platform-engine-1.3.2.jar:1.3.2]
	at org.junit.platform.engine.support.hierarchical.ThrowableCollector.execute(ThrowableCollector.java:72) [junit-platform-engine-1.3.2.jar:1.3.2]
	at org.junit.platform.engine.support.hierarchical.NodeTestTask.executeRecursively(NodeTestTask.java:98) [junit-platform-engine-1.3.2.jar:1.3.2]
	at org.junit.platform.engine.support.hierarchical.NodeTestTask.execute(NodeTestTask.java:74) [junit-platform-engine-1.3.2.jar:1.3.2]
	at org.junit.platform.engine.support.hierarchical.SameThreadHierarchicalTestExecutorService.submit(SameThreadHierarchicalTestExecutorService.java:32) [junit-platform-engine-1.3.2.jar:1.3.2]
	at org.junit.platform.engine.support.hierarchical.HierarchicalTestExecutor.execute(HierarchicalTestExecutor.java:57) [junit-platform-engine-1.3.2.jar:1.3.2]
	at org.junit.platform.engine.support.hierarchical.HierarchicalTestEngine.execute(HierarchicalTestEngine.java:51) [junit-platform-engine-1.3.2.jar:1.3.2]
	at org.junit.platform.launcher.core.DefaultLauncher.execute(DefaultLauncher.java:170) [junit-platform-launcher-1.2.0.jar:1.2.0]
	at org.junit.platform.launcher.core.DefaultLauncher.execute(DefaultLauncher.java:154) [junit-platform-launcher-1.2.0.jar:1.2.0]
	at org.junit.platform.launcher.core.DefaultLauncher.execute(DefaultLauncher.java:90) [junit-platform-launcher-1.2.0.jar:1.2.0]
	at org.junit.platform.surefire.provider.JUnitPlatformProvider.invokeAllTests(JUnitPlatformProvider.java:132) [junit-platform-surefire-provider-1.2.0.jar:1.2.0]
	at org.junit.platform.surefire.provider.JUnitPlatformProvider.invoke(JUnitPlatformProvider.java:111) [junit-platform-surefire-provider-1.2.0.jar:1.2.0]
	at org.apache.maven.surefire.booter.ForkedBooter.invokeProviderInSameClassLoader(ForkedBooter.java:383) [surefire-booter-2.22.0.jar:2.22.0]
	at org.apache.maven.surefire.booter.ForkedBooter.runSuitesInProcess(ForkedBooter.java:344) [surefire-booter-2.22.0.jar:2.22.0]
	at org.apache.maven.surefire.booter.ForkedBooter.execute(ForkedBooter.java:125) [surefire-booter-2.22.0.jar:2.22.0]
	at org.apache.maven.surefire.booter.ForkedBooter.main(ForkedBooter.java:417) [surefire-booter-2.22.0.jar:2.22.0]
2024-12-11 13:35:53 [DEBUG] FareCalculatorService:42 - Price before rounding: 1.5000004166666665
2024-12-11 13:35:53 [DEBUG] FareCalculatorService:54 - Price after first rounding: 1.5
2024-12-11 13:35:53 [DEBUG] FareCalculatorService:44 - Price after rounding: 1.5
2024-12-11 13:35:53 [ERROR] ParkingService:77 - Error parsing user input for type of vehicle
java.lang.IllegalArgumentException: Entered input is invalid
	at com.parkit.parkingsystem.service.ParkingService.getVehichleType(ParkingService.java:98) ~[classes/:?]
	at com.parkit.parkingsystem.service.ParkingService.getNextParkingNumberIfAvailable(ParkingService.java:69) ~[classes/:?]
	at com.parkit.parkingsystem.ParkingServiceTest.testGetNextParkingNumberIfAvailableParkingNumberWrongArgument(ParkingServiceTest.java:122) ~[test-classes/:?]
	at jdk.internal.reflect.NativeMethodAccessorImpl.invoke0(Native Method) ~[?:?]
	at jdk.internal.reflect.NativeMethodAccessorImpl.invoke(NativeMethodAccessorImpl.java:77) ~[?:?]
	at jdk.internal.reflect.DelegatingMethodAccessorImpl.invoke(DelegatingMethodAccessorImpl.java:43) ~[?:?]
	at java.lang.reflect.Method.invoke(Method.java:569) ~[?:?]
	at org.junit.platform.commons.util.ReflectionUtils.invokeMethod(ReflectionUtils.java:532) ~[junit-platform-commons-1.3.2.jar:1.3.2]
	at org.junit.jupiter.engine.execution.ExecutableInvoker.invoke(ExecutableInvoker.java:115) ~[junit-jupiter-engine-5.3.2.jar:5.3.2]
	at org.junit.jupiter.engine.descriptor.TestMethodTestDescriptor.lambda$invokeTestMethod$6(TestMethodTestDescriptor.java:171) ~[junit-jupiter-engine-5.3.2.jar:5.3.2]
	at org.junit.platform.engine.support.hierarchical.ThrowableCollector.execute(ThrowableCollector.java:72) ~[junit-platform-engine-1.3.2.jar:1.3.2]
	at org.junit.jupiter.engine.descriptor.TestMethodTestDescriptor.invokeTestMethod(TestMethodTestDescriptor.java:167) ~[junit-jupiter-engine-5.3.2.jar:5.3.2]
	at org.junit.jupiter.engine.descriptor.TestMethodTestDescriptor.execute(TestMethodTestDescriptor.java:114) ~[junit-jupiter-engine-5.3.2.jar:5.3.2]
	at org.junit.jupiter.engine.descriptor.TestMethodTestDescriptor.execute(TestMethodTestDescriptor.java:59) ~[junit-jupiter-engine-5.3.2.jar:5.3.2]
	at org.junit.platform.engine.support.hierarchical.NodeTestTask.lambda$executeRecursively$4(NodeTestTask.java:108) ~[junit-platform-engine-1.3.2.jar:1.3.2]
	at org.junit.platform.engine.support.hierarchical.ThrowableCollector.execute(ThrowableCollector.java:72) ~[junit-platform-engine-1.3.2.jar:1.3.2]
	at org.junit.platform.engine.support.hierarchical.NodeTestTask.executeRecursively(NodeTestTask.java:98) ~[junit-platform-engine-1.3.2.jar:1.3.2]
	at org.junit.platform.engine.support.hierarchical.NodeTestTask.execute(NodeTestTask.java:74) ~[junit-platform-engine-1.3.2.jar:1.3.2]
	at java.util.ArrayList.forEach(ArrayList.java:1511) ~[?:?]
	at org.junit.platform.engine.support.hierarchical.SameThreadHierarchicalTestExecutorService.invokeAll(SameThreadHierarchicalTestExecutorService.java:38) ~[junit-platform-engine-1.3.2.jar:1.3.2]
	at org.junit.platform.engine.support.hierarchical.NodeTestTask.lambda$executeRecursively$4(NodeTestTask.java:112) ~[junit-platform-engine-1.3.2.jar:1.3.2]
	at org.junit.platform.engine.support.hierarchical.ThrowableCollector.execute(ThrowableCollector.java:72) ~[junit-platform-engine-1.3.2.jar:1.3.2]
	at org.junit.platform.engine.support.hierarchical.NodeTestTask.executeRecursively(NodeTestTask.java:98) ~[junit-platform-engine-1.3.2.jar:1.3.2]
	at org.junit.platform.engine.support.hierarchical.NodeTestTask.execute(NodeTestTask.java:74) ~[junit-platform-engine-1.3.2.jar:1.3.2]
	at java.util.ArrayList.forEach(ArrayList.java:1511) ~[?:?]
	at org.junit.platform.engine.support.hierarchical.SameThreadHierarchicalTestExecutorService.invokeAll(SameThreadHierarchicalTestExecutorService.java:38) ~[junit-platform-engine-1.3.2.jar:1.3.2]
	at org.junit.platform.engine.support.hierarchical.NodeTestTask.lambda$executeRecursively$4(NodeTestTask.java:112) ~[junit-platform-engine-1.3.2.jar:1.3.2]
	at org.junit.platform.engine.support.hierarchical.ThrowableCollector.execute(ThrowableCollector.java:72) [junit-platform-engine-1.3.2.jar:1.3.2]
	at org.junit.platform.engine.support.hierarchical.NodeTestTask.executeRecursively(NodeTestTask.java:98) [junit-platform-engine-1.3.2.jar:1.3.2]
	at org.junit.platform.engine.support.hierarchical.NodeTestTask.execute(NodeTestTask.java:74) [junit-platform-engine-1.3.2.jar:1.3.2]
	at org.junit.platform.engine.support.hierarchical.SameThreadHierarchicalTestExecutorService.submit(SameThreadHierarchicalTestExecutorService.java:32) [junit-platform-engine-1.3.2.jar:1.3.2]
	at org.junit.platform.engine.support.hierarchical.HierarchicalTestExecutor.execute(HierarchicalTestExecutor.java:57) [junit-platform-engine-1.3.2.jar:1.3.2]
	at org.junit.platform.engine.support.hierarchical.HierarchicalTestEngine.execute(HierarchicalTestEngine.java:51) [junit-platform-engine-1.3.2.jar:1.3.2]
	at org.junit.platform.launcher.core.DefaultLauncher.execute(DefaultLauncher.java:170) [junit-platform-launcher-1.2.0.jar:1.2.0]
	at org.junit.platform.launcher.core.DefaultLauncher.execute(DefaultLauncher.java:154) [junit-platform-launcher-1.2.0.jar:1.2.0]
	at org.junit.platform.launcher.core.DefaultLauncher.execute(DefaultLauncher.java:90) [junit-platform-launcher-1.2.0.jar:1.2.0]
	at org.junit.platform.surefire.provider.JUnitPlatformProvider.invokeAllTests(JUnitPlatformProvider.java:132) [junit-platform-surefire-provider-1.2.0.jar:1.2.0]
	at org.junit.platform.surefire.provider.JUnitPlatformProvider.invoke(JUnitPlatformProvider.java:111) [junit-platform-surefire-provider-1.2.0.jar:1.2.0]
	at org.apache.maven.surefire.booter.ForkedBooter.invokeProviderInSameClassLoader(ForkedBooter.java:383) [surefire-booter-2.22.0.jar:2.22.0]
	at org.apache.maven.surefire.booter.ForkedBooter.runSuitesInProcess(ForkedBooter.java:344) [surefire-booter-2.22.0.jar:2.22.0]
	at org.apache.maven.surefire.booter.ForkedBooter.execute(ForkedBooter.java:125) [surefire-booter-2.22.0.jar:2.22.0]
	at org.apache.maven.surefire.booter.ForkedBooter.main(ForkedBooter.java:417) [surefire-booter-2.22.0.jar:2.22.0]
2024-12-11 13:35:53 [DEBUG] FareCalculatorService:42 - Price before rounding: 1.5000004166666665
2024-12-11 13:35:53 [DEBUG] FareCalculatorService:54 - Price after first rounding: 1.5
2024-12-11 13:35:53 [DEBUG] FareCalculatorService:44 - Price after rounding: 1.5
2024-12-11 13:36:00 [ INFO] DataBaseTestConfig:19 - Create DB connection
2024-12-11 13:36:01 [ INFO] DataBaseTestConfig:29 - Closing DB connection
2024-12-11 13:36:01 [ INFO] DataBaseTestConfig:19 - Create DB connection
2024-12-11 13:36:01 [ INFO] DataBaseTestConfig:19 - Create DB connection
2024-12-11 13:36:01 [ INFO] DataBaseTestConfig:51 - Closing Result Set
2024-12-11 13:36:01 [ INFO] DataBaseTestConfig:40 - Closing Prepared Statement
2024-12-11 13:36:01 [ INFO] DataBaseTestConfig:29 - Closing DB connection
2024-12-11 13:36:01 [ INFO] DataBaseTestConfig:19 - Create DB connection
2024-12-11 13:36:01 [ INFO] DataBaseTestConfig:40 - Closing Prepared Statement
2024-12-11 13:36:01 [ INFO] DataBaseTestConfig:29 - Closing DB connection
2024-12-11 13:36:01 [ INFO] DataBaseTestConfig:19 - Create DB connection
2024-12-11 13:36:01 [ INFO] DataBaseTestConfig:19 - Create DB connection
2024-12-11 13:36:01 [ INFO] DataBaseTestConfig:19 - Create DB connection
2024-12-11 13:36:01 [ INFO] DataBaseTestConfig:51 - Closing Result Set
2024-12-11 13:36:01 [ INFO] DataBaseTestConfig:40 - Closing Prepared Statement
2024-12-11 13:36:01 [ INFO] DataBaseTestConfig:29 - Closing DB connection
2024-12-11 13:36:01 [ INFO] DataBaseTestConfig:19 - Create DB connection
2024-12-11 13:36:01 [ INFO] DataBaseTestConfig:29 - Closing DB connection
2024-12-11 13:36:01 [ INFO] DataBaseTestConfig:19 - Create DB connection
2024-12-11 13:36:01 [ INFO] DataBaseTestConfig:51 - Closing Result Set
2024-12-11 13:36:01 [ INFO] DataBaseTestConfig:40 - Closing Prepared Statement
2024-12-11 13:36:01 [ INFO] DataBaseTestConfig:29 - Closing DB connection
2024-12-11 13:36:01 [ INFO] DataBaseTestConfig:19 - Create DB connection
2024-12-11 13:36:01 [DEBUG] FareCalculatorService:42 - Price before rounding: 1.4249540833333332
2024-12-11 13:36:01 [DEBUG] FareCalculatorService:54 - Price after first rounding: 1.425
2024-12-11 13:36:01 [DEBUG] FareCalculatorService:44 - Price after rounding: 1.42
2024-12-11 13:36:01 [ INFO] DataBaseTestConfig:19 - Create DB connection
2024-12-11 13:36:01 [ INFO] DataBaseTestConfig:29 - Closing DB connection
2024-12-11 13:36:01 [ INFO] DataBaseTestConfig:19 - Create DB connection
2024-12-11 13:36:01 [ INFO] DataBaseTestConfig:40 - Closing Prepared Statement
2024-12-11 13:36:01 [ INFO] DataBaseTestConfig:29 - Closing DB connection
2024-12-11 13:36:01 [ INFO] DataBaseTestConfig:19 - Create DB connection
2024-12-11 13:36:01 [ INFO] DataBaseTestConfig:51 - Closing Result Set
2024-12-11 13:36:01 [ INFO] DataBaseTestConfig:40 - Closing Prepared Statement
2024-12-11 13:36:01 [ INFO] DataBaseTestConfig:29 - Closing DB connection
2024-12-11 13:36:02 [ INFO] DataBaseTestConfig:19 - Create DB connection
2024-12-11 13:36:02 [ INFO] DataBaseTestConfig:51 - Closing Result Set
2024-12-11 13:36:02 [ INFO] DataBaseTestConfig:40 - Closing Prepared Statement
2024-12-11 13:36:02 [ INFO] DataBaseTestConfig:29 - Closing DB connection
2024-12-11 13:36:02 [ INFO] DataBaseTestConfig:19 - Create DB connection
2024-12-11 13:36:02 [ INFO] DataBaseTestConfig:29 - Closing DB connection
2024-12-11 13:36:02 [ INFO] DataBaseTestConfig:19 - Create DB connection
2024-12-11 13:36:02 [ INFO] DataBaseTestConfig:51 - Closing Result Set
2024-12-11 13:36:02 [ INFO] DataBaseTestConfig:40 - Closing Prepared Statement
2024-12-11 13:36:02 [ INFO] DataBaseTestConfig:29 - Closing DB connection
2024-12-11 13:36:02 [ INFO] DataBaseTestConfig:19 - Create DB connection
2024-12-11 13:36:02 [ INFO] DataBaseTestConfig:40 - Closing Prepared Statement
2024-12-11 13:36:02 [ INFO] DataBaseTestConfig:29 - Closing DB connection
2024-12-11 13:36:02 [ INFO] DataBaseTestConfig:19 - Create DB connection
2024-12-11 13:36:02 [ INFO] DataBaseTestConfig:19 - Create DB connection
2024-12-11 13:36:02 [ INFO] DataBaseTestConfig:19 - Create DB connection
2024-12-11 13:36:02 [ INFO] DataBaseTestConfig:51 - Closing Result Set
2024-12-11 13:36:02 [ INFO] DataBaseTestConfig:40 - Closing Prepared Statement
2024-12-11 13:36:02 [ INFO] DataBaseTestConfig:29 - Closing DB connection
2024-12-11 13:36:02 [ INFO] DataBaseTestConfig:19 - Create DB connection
2024-12-11 13:36:02 [ INFO] DataBaseTestConfig:29 - Closing DB connection
2024-12-11 13:36:02 [ INFO] DataBaseTestConfig:19 - Create DB connection
2024-12-11 13:36:02 [ INFO] DataBaseTestConfig:51 - Closing Result Set
2024-12-11 13:36:02 [ INFO] DataBaseTestConfig:40 - Closing Prepared Statement
2024-12-11 13:36:02 [ INFO] DataBaseTestConfig:29 - Closing DB connection
2024-12-11 13:36:02 [ INFO] DataBaseTestConfig:19 - Create DB connection
2024-12-11 13:36:02 [DEBUG] FareCalculatorService:42 - Price before rounding: 1.5001208333333333
2024-12-11 13:36:02 [DEBUG] FareCalculatorService:54 - Price after first rounding: 1.5
2024-12-11 13:36:02 [DEBUG] FareCalculatorService:44 - Price after rounding: 1.5
2024-12-11 13:36:02 [ INFO] DataBaseTestConfig:19 - Create DB connection
2024-12-11 13:36:02 [ INFO] DataBaseTestConfig:29 - Closing DB connection
2024-12-11 13:36:02 [ INFO] DataBaseTestConfig:19 - Create DB connection
2024-12-11 13:36:02 [ INFO] DataBaseTestConfig:40 - Closing Prepared Statement
2024-12-11 13:36:02 [ INFO] DataBaseTestConfig:29 - Closing DB connection
2024-12-11 13:36:02 [ INFO] DataBaseTestConfig:19 - Create DB connection
2024-12-11 13:36:02 [ INFO] DataBaseTestConfig:51 - Closing Result Set
2024-12-11 13:36:02 [ INFO] DataBaseTestConfig:40 - Closing Prepared Statement
2024-12-11 13:36:02 [ INFO] DataBaseTestConfig:29 - Closing DB connection
2024-12-11 13:36:02 [ INFO] DataBaseTestConfig:19 - Create DB connection
2024-12-11 13:36:02 [ INFO] DataBaseTestConfig:51 - Closing Result Set
2024-12-11 13:36:02 [ INFO] DataBaseTestConfig:40 - Closing Prepared Statement
2024-12-11 13:36:02 [ INFO] DataBaseTestConfig:29 - Closing DB connection
2024-12-11 13:36:02 [ INFO] DataBaseTestConfig:19 - Create DB connection
2024-12-11 13:36:02 [ INFO] DataBaseTestConfig:29 - Closing DB connection
2024-12-11 13:36:02 [ INFO] DataBaseTestConfig:19 - Create DB connection
2024-12-11 13:36:02 [ INFO] DataBaseTestConfig:51 - Closing Result Set
2024-12-11 13:36:02 [ INFO] DataBaseTestConfig:40 - Closing Prepared Statement
2024-12-11 13:36:02 [ INFO] DataBaseTestConfig:29 - Closing DB connection
2024-12-11 13:36:02 [ INFO] DataBaseTestConfig:19 - Create DB connection
2024-12-11 13:36:02 [ INFO] DataBaseTestConfig:51 - Closing Result Set
2024-12-11 13:36:02 [ INFO] DataBaseTestConfig:40 - Closing Prepared Statement
2024-12-11 13:36:02 [ INFO] DataBaseTestConfig:29 - Closing DB connection
2024-12-11 13:36:02 [ INFO] DataBaseTestConfig:19 - Create DB connection
2024-12-11 13:36:02 [ INFO] DataBaseTestConfig:40 - Closing Prepared Statement
2024-12-11 13:36:02 [ INFO] DataBaseTestConfig:29 - Closing DB connection
2024-12-11 13:36:02 [ INFO] DataBaseTestConfig:19 - Create DB connection
2024-12-11 13:36:02 [ INFO] DataBaseTestConfig:19 - Create DB connection
2024-12-11 13:36:02 [ INFO] DataBaseTestConfig:19 - Create DB connection
2024-12-11 13:36:02 [ INFO] DataBaseTestConfig:51 - Closing Result Set
2024-12-11 13:36:02 [ INFO] DataBaseTestConfig:40 - Closing Prepared Statement
2024-12-11 13:36:02 [ INFO] DataBaseTestConfig:29 - Closing DB connection
2024-12-11 13:36:02 [ INFO] DataBaseTestConfig:19 - Create DB connection
2024-12-11 13:36:02 [ INFO] DataBaseTestConfig:51 - Closing Result Set
2024-12-11 13:36:02 [ INFO] DataBaseTestConfig:40 - Closing Prepared Statement
2024-12-11 13:36:02 [ INFO] DataBaseTestConfig:29 - Closing DB connection
2024-12-11 13:41:04 [DEBUG] FareCalculatorService:42 - Price before rounding: 0.95
2024-12-11 13:41:04 [DEBUG] FareCalculatorService:54 - Price after first rounding: 0.95
2024-12-11 13:41:04 [DEBUG] FareCalculatorService:44 - Price after rounding: 0.95
2024-12-11 13:41:04 [DEBUG] FareCalculatorService:42 - Price before rounding: 1.125
2024-12-11 13:41:04 [DEBUG] FareCalculatorService:54 - Price after first rounding: 1.125
2024-12-11 13:41:04 [DEBUG] FareCalculatorService:44 - Price after rounding: 1.12
2024-12-11 13:41:04 [DEBUG] FareCalculatorService:42 - Price before rounding: 1.4249999999999998
2024-12-11 13:41:04 [DEBUG] FareCalculatorService:54 - Price after first rounding: 1.425
2024-12-11 13:41:04 [DEBUG] FareCalculatorService:44 - Price after rounding: 1.42
2024-12-11 13:41:04 [DEBUG] FareCalculatorService:42 - Price before rounding: 1.5
2024-12-11 13:41:04 [DEBUG] FareCalculatorService:54 - Price after first rounding: 1.5
2024-12-11 13:41:04 [DEBUG] FareCalculatorService:44 - Price after rounding: 1.5
2024-12-11 13:41:04 [DEBUG] FareCalculatorService:42 - Price before rounding: 1.0
2024-12-11 13:41:04 [DEBUG] FareCalculatorService:54 - Price after first rounding: 1.0
2024-12-11 13:41:04 [DEBUG] FareCalculatorService:44 - Price after rounding: 1.0
2024-12-11 13:41:04 [DEBUG] FareCalculatorService:42 - Price before rounding: 36.0
2024-12-11 13:41:04 [DEBUG] FareCalculatorService:54 - Price after first rounding: 36.0
2024-12-11 13:41:04 [DEBUG] FareCalculatorService:44 - Price after rounding: 36.0
2024-12-11 13:41:04 [DEBUG] FareCalculatorService:42 - Price before rounding: 0.75
2024-12-11 13:41:04 [DEBUG] FareCalculatorService:54 - Price after first rounding: 0.75
2024-12-11 13:41:04 [DEBUG] FareCalculatorService:44 - Price after rounding: 0.75
2024-12-11 13:41:05 [ERROR] ParkingService:79 - Error fetching next available parking slot
java.lang.Exception: Error fetching parking number from DB. Parking slots might be full
	at com.parkit.parkingsystem.service.ParkingService.getNextParkingNumberIfAvailable(ParkingService.java:74) ~[classes/:?]
	at com.parkit.parkingsystem.ParkingServiceTest.testGetNextParkingNumberIfAvailableParkingNumberNotFound(ParkingServiceTest.java:113) ~[test-classes/:?]
	at jdk.internal.reflect.NativeMethodAccessorImpl.invoke0(Native Method) ~[?:?]
	at jdk.internal.reflect.NativeMethodAccessorImpl.invoke(NativeMethodAccessorImpl.java:77) ~[?:?]
	at jdk.internal.reflect.DelegatingMethodAccessorImpl.invoke(DelegatingMethodAccessorImpl.java:43) ~[?:?]
	at java.lang.reflect.Method.invoke(Method.java:569) ~[?:?]
	at org.junit.platform.commons.util.ReflectionUtils.invokeMethod(ReflectionUtils.java:532) ~[junit-platform-commons-1.3.2.jar:1.3.2]
	at org.junit.jupiter.engine.execution.ExecutableInvoker.invoke(ExecutableInvoker.java:115) ~[junit-jupiter-engine-5.3.2.jar:5.3.2]
	at org.junit.jupiter.engine.descriptor.TestMethodTestDescriptor.lambda$invokeTestMethod$6(TestMethodTestDescriptor.java:171) ~[junit-jupiter-engine-5.3.2.jar:5.3.2]
	at org.junit.platform.engine.support.hierarchical.ThrowableCollector.execute(ThrowableCollector.java:72) ~[junit-platform-engine-1.3.2.jar:1.3.2]
	at org.junit.jupiter.engine.descriptor.TestMethodTestDescriptor.invokeTestMethod(TestMethodTestDescriptor.java:167) ~[junit-jupiter-engine-5.3.2.jar:5.3.2]
	at org.junit.jupiter.engine.descriptor.TestMethodTestDescriptor.execute(TestMethodTestDescriptor.java:114) ~[junit-jupiter-engine-5.3.2.jar:5.3.2]
	at org.junit.jupiter.engine.descriptor.TestMethodTestDescriptor.execute(TestMethodTestDescriptor.java:59) ~[junit-jupiter-engine-5.3.2.jar:5.3.2]
	at org.junit.platform.engine.support.hierarchical.NodeTestTask.lambda$executeRecursively$4(NodeTestTask.java:108) ~[junit-platform-engine-1.3.2.jar:1.3.2]
	at org.junit.platform.engine.support.hierarchical.ThrowableCollector.execute(ThrowableCollector.java:72) ~[junit-platform-engine-1.3.2.jar:1.3.2]
	at org.junit.platform.engine.support.hierarchical.NodeTestTask.executeRecursively(NodeTestTask.java:98) ~[junit-platform-engine-1.3.2.jar:1.3.2]
	at org.junit.platform.engine.support.hierarchical.NodeTestTask.execute(NodeTestTask.java:74) ~[junit-platform-engine-1.3.2.jar:1.3.2]
	at java.util.ArrayList.forEach(ArrayList.java:1511) ~[?:?]
	at org.junit.platform.engine.support.hierarchical.SameThreadHierarchicalTestExecutorService.invokeAll(SameThreadHierarchicalTestExecutorService.java:38) ~[junit-platform-engine-1.3.2.jar:1.3.2]
	at org.junit.platform.engine.support.hierarchical.NodeTestTask.lambda$executeRecursively$4(NodeTestTask.java:112) ~[junit-platform-engine-1.3.2.jar:1.3.2]
	at org.junit.platform.engine.support.hierarchical.ThrowableCollector.execute(ThrowableCollector.java:72) ~[junit-platform-engine-1.3.2.jar:1.3.2]
	at org.junit.platform.engine.support.hierarchical.NodeTestTask.executeRecursively(NodeTestTask.java:98) ~[junit-platform-engine-1.3.2.jar:1.3.2]
	at org.junit.platform.engine.support.hierarchical.NodeTestTask.execute(NodeTestTask.java:74) ~[junit-platform-engine-1.3.2.jar:1.3.2]
	at java.util.ArrayList.forEach(ArrayList.java:1511) ~[?:?]
	at org.junit.platform.engine.support.hierarchical.SameThreadHierarchicalTestExecutorService.invokeAll(SameThreadHierarchicalTestExecutorService.java:38) ~[junit-platform-engine-1.3.2.jar:1.3.2]
	at org.junit.platform.engine.support.hierarchical.NodeTestTask.lambda$executeRecursively$4(NodeTestTask.java:112) ~[junit-platform-engine-1.3.2.jar:1.3.2]
	at org.junit.platform.engine.support.hierarchical.ThrowableCollector.execute(ThrowableCollector.java:72) [junit-platform-engine-1.3.2.jar:1.3.2]
	at org.junit.platform.engine.support.hierarchical.NodeTestTask.executeRecursively(NodeTestTask.java:98) [junit-platform-engine-1.3.2.jar:1.3.2]
	at org.junit.platform.engine.support.hierarchical.NodeTestTask.execute(NodeTestTask.java:74) [junit-platform-engine-1.3.2.jar:1.3.2]
	at org.junit.platform.engine.support.hierarchical.SameThreadHierarchicalTestExecutorService.submit(SameThreadHierarchicalTestExecutorService.java:32) [junit-platform-engine-1.3.2.jar:1.3.2]
	at org.junit.platform.engine.support.hierarchical.HierarchicalTestExecutor.execute(HierarchicalTestExecutor.java:57) [junit-platform-engine-1.3.2.jar:1.3.2]
	at org.junit.platform.engine.support.hierarchical.HierarchicalTestEngine.execute(HierarchicalTestEngine.java:51) [junit-platform-engine-1.3.2.jar:1.3.2]
	at org.junit.platform.launcher.core.DefaultLauncher.execute(DefaultLauncher.java:170) [junit-platform-launcher-1.2.0.jar:1.2.0]
	at org.junit.platform.launcher.core.DefaultLauncher.execute(DefaultLauncher.java:154) [junit-platform-launcher-1.2.0.jar:1.2.0]
	at org.junit.platform.launcher.core.DefaultLauncher.execute(DefaultLauncher.java:90) [junit-platform-launcher-1.2.0.jar:1.2.0]
	at org.junit.platform.surefire.provider.JUnitPlatformProvider.invokeAllTests(JUnitPlatformProvider.java:132) [junit-platform-surefire-provider-1.2.0.jar:1.2.0]
	at org.junit.platform.surefire.provider.JUnitPlatformProvider.invoke(JUnitPlatformProvider.java:111) [junit-platform-surefire-provider-1.2.0.jar:1.2.0]
	at org.apache.maven.surefire.booter.ForkedBooter.invokeProviderInSameClassLoader(ForkedBooter.java:383) [surefire-booter-2.22.0.jar:2.22.0]
	at org.apache.maven.surefire.booter.ForkedBooter.runSuitesInProcess(ForkedBooter.java:344) [surefire-booter-2.22.0.jar:2.22.0]
	at org.apache.maven.surefire.booter.ForkedBooter.execute(ForkedBooter.java:125) [surefire-booter-2.22.0.jar:2.22.0]
	at org.apache.maven.surefire.booter.ForkedBooter.main(ForkedBooter.java:417) [surefire-booter-2.22.0.jar:2.22.0]
2024-12-11 13:41:05 [DEBUG] FareCalculatorService:42 - Price before rounding: 1.5
2024-12-11 13:41:05 [DEBUG] FareCalculatorService:54 - Price after first rounding: 1.5
2024-12-11 13:41:05 [DEBUG] FareCalculatorService:44 - Price after rounding: 1.5
2024-12-11 13:41:05 [ERROR] ParkingService:77 - Error parsing user input for type of vehicle
java.lang.IllegalArgumentException: Entered input is invalid
	at com.parkit.parkingsystem.service.ParkingService.getVehichleType(ParkingService.java:98) ~[classes/:?]
	at com.parkit.parkingsystem.service.ParkingService.getNextParkingNumberIfAvailable(ParkingService.java:69) ~[classes/:?]
	at com.parkit.parkingsystem.ParkingServiceTest.testGetNextParkingNumberIfAvailableParkingNumberWrongArgument(ParkingServiceTest.java:122) ~[test-classes/:?]
	at jdk.internal.reflect.NativeMethodAccessorImpl.invoke0(Native Method) ~[?:?]
	at jdk.internal.reflect.NativeMethodAccessorImpl.invoke(NativeMethodAccessorImpl.java:77) ~[?:?]
	at jdk.internal.reflect.DelegatingMethodAccessorImpl.invoke(DelegatingMethodAccessorImpl.java:43) ~[?:?]
	at java.lang.reflect.Method.invoke(Method.java:569) ~[?:?]
	at org.junit.platform.commons.util.ReflectionUtils.invokeMethod(ReflectionUtils.java:532) ~[junit-platform-commons-1.3.2.jar:1.3.2]
	at org.junit.jupiter.engine.execution.ExecutableInvoker.invoke(ExecutableInvoker.java:115) ~[junit-jupiter-engine-5.3.2.jar:5.3.2]
	at org.junit.jupiter.engine.descriptor.TestMethodTestDescriptor.lambda$invokeTestMethod$6(TestMethodTestDescriptor.java:171) ~[junit-jupiter-engine-5.3.2.jar:5.3.2]
	at org.junit.platform.engine.support.hierarchical.ThrowableCollector.execute(ThrowableCollector.java:72) ~[junit-platform-engine-1.3.2.jar:1.3.2]
	at org.junit.jupiter.engine.descriptor.TestMethodTestDescriptor.invokeTestMethod(TestMethodTestDescriptor.java:167) ~[junit-jupiter-engine-5.3.2.jar:5.3.2]
	at org.junit.jupiter.engine.descriptor.TestMethodTestDescriptor.execute(TestMethodTestDescriptor.java:114) ~[junit-jupiter-engine-5.3.2.jar:5.3.2]
	at org.junit.jupiter.engine.descriptor.TestMethodTestDescriptor.execute(TestMethodTestDescriptor.java:59) ~[junit-jupiter-engine-5.3.2.jar:5.3.2]
	at org.junit.platform.engine.support.hierarchical.NodeTestTask.lambda$executeRecursively$4(NodeTestTask.java:108) ~[junit-platform-engine-1.3.2.jar:1.3.2]
	at org.junit.platform.engine.support.hierarchical.ThrowableCollector.execute(ThrowableCollector.java:72) ~[junit-platform-engine-1.3.2.jar:1.3.2]
	at org.junit.platform.engine.support.hierarchical.NodeTestTask.executeRecursively(NodeTestTask.java:98) ~[junit-platform-engine-1.3.2.jar:1.3.2]
	at org.junit.platform.engine.support.hierarchical.NodeTestTask.execute(NodeTestTask.java:74) ~[junit-platform-engine-1.3.2.jar:1.3.2]
	at java.util.ArrayList.forEach(ArrayList.java:1511) ~[?:?]
	at org.junit.platform.engine.support.hierarchical.SameThreadHierarchicalTestExecutorService.invokeAll(SameThreadHierarchicalTestExecutorService.java:38) ~[junit-platform-engine-1.3.2.jar:1.3.2]
	at org.junit.platform.engine.support.hierarchical.NodeTestTask.lambda$executeRecursively$4(NodeTestTask.java:112) ~[junit-platform-engine-1.3.2.jar:1.3.2]
	at org.junit.platform.engine.support.hierarchical.ThrowableCollector.execute(ThrowableCollector.java:72) ~[junit-platform-engine-1.3.2.jar:1.3.2]
	at org.junit.platform.engine.support.hierarchical.NodeTestTask.executeRecursively(NodeTestTask.java:98) ~[junit-platform-engine-1.3.2.jar:1.3.2]
	at org.junit.platform.engine.support.hierarchical.NodeTestTask.execute(NodeTestTask.java:74) ~[junit-platform-engine-1.3.2.jar:1.3.2]
	at java.util.ArrayList.forEach(ArrayList.java:1511) ~[?:?]
	at org.junit.platform.engine.support.hierarchical.SameThreadHierarchicalTestExecutorService.invokeAll(SameThreadHierarchicalTestExecutorService.java:38) ~[junit-platform-engine-1.3.2.jar:1.3.2]
	at org.junit.platform.engine.support.hierarchical.NodeTestTask.lambda$executeRecursively$4(NodeTestTask.java:112) ~[junit-platform-engine-1.3.2.jar:1.3.2]
	at org.junit.platform.engine.support.hierarchical.ThrowableCollector.execute(ThrowableCollector.java:72) [junit-platform-engine-1.3.2.jar:1.3.2]
	at org.junit.platform.engine.support.hierarchical.NodeTestTask.executeRecursively(NodeTestTask.java:98) [junit-platform-engine-1.3.2.jar:1.3.2]
	at org.junit.platform.engine.support.hierarchical.NodeTestTask.execute(NodeTestTask.java:74) [junit-platform-engine-1.3.2.jar:1.3.2]
	at org.junit.platform.engine.support.hierarchical.SameThreadHierarchicalTestExecutorService.submit(SameThreadHierarchicalTestExecutorService.java:32) [junit-platform-engine-1.3.2.jar:1.3.2]
	at org.junit.platform.engine.support.hierarchical.HierarchicalTestExecutor.execute(HierarchicalTestExecutor.java:57) [junit-platform-engine-1.3.2.jar:1.3.2]
	at org.junit.platform.engine.support.hierarchical.HierarchicalTestEngine.execute(HierarchicalTestEngine.java:51) [junit-platform-engine-1.3.2.jar:1.3.2]
	at org.junit.platform.launcher.core.DefaultLauncher.execute(DefaultLauncher.java:170) [junit-platform-launcher-1.2.0.jar:1.2.0]
	at org.junit.platform.launcher.core.DefaultLauncher.execute(DefaultLauncher.java:154) [junit-platform-launcher-1.2.0.jar:1.2.0]
	at org.junit.platform.launcher.core.DefaultLauncher.execute(DefaultLauncher.java:90) [junit-platform-launcher-1.2.0.jar:1.2.0]
	at org.junit.platform.surefire.provider.JUnitPlatformProvider.invokeAllTests(JUnitPlatformProvider.java:132) [junit-platform-surefire-provider-1.2.0.jar:1.2.0]
	at org.junit.platform.surefire.provider.JUnitPlatformProvider.invoke(JUnitPlatformProvider.java:111) [junit-platform-surefire-provider-1.2.0.jar:1.2.0]
	at org.apache.maven.surefire.booter.ForkedBooter.invokeProviderInSameClassLoader(ForkedBooter.java:383) [surefire-booter-2.22.0.jar:2.22.0]
	at org.apache.maven.surefire.booter.ForkedBooter.runSuitesInProcess(ForkedBooter.java:344) [surefire-booter-2.22.0.jar:2.22.0]
	at org.apache.maven.surefire.booter.ForkedBooter.execute(ForkedBooter.java:125) [surefire-booter-2.22.0.jar:2.22.0]
	at org.apache.maven.surefire.booter.ForkedBooter.main(ForkedBooter.java:417) [surefire-booter-2.22.0.jar:2.22.0]
2024-12-11 13:41:05 [DEBUG] FareCalculatorService:42 - Price before rounding: 1.5
2024-12-11 13:41:05 [DEBUG] FareCalculatorService:54 - Price after first rounding: 1.5
2024-12-11 13:41:05 [DEBUG] FareCalculatorService:44 - Price after rounding: 1.5
2024-12-11 13:41:13 [ INFO] DataBaseTestConfig:19 - Create DB connection
2024-12-11 13:41:14 [ INFO] DataBaseTestConfig:29 - Closing DB connection
2024-12-11 13:41:14 [ INFO] DataBaseTestConfig:19 - Create DB connection
2024-12-11 13:41:14 [ INFO] DataBaseTestConfig:19 - Create DB connection
2024-12-11 13:41:14 [ INFO] DataBaseTestConfig:51 - Closing Result Set
2024-12-11 13:41:14 [ INFO] DataBaseTestConfig:40 - Closing Prepared Statement
2024-12-11 13:41:14 [ INFO] DataBaseTestConfig:29 - Closing DB connection
2024-12-11 13:41:14 [ INFO] DataBaseTestConfig:19 - Create DB connection
2024-12-11 13:41:14 [ INFO] DataBaseTestConfig:40 - Closing Prepared Statement
2024-12-11 13:41:14 [ INFO] DataBaseTestConfig:29 - Closing DB connection
2024-12-11 13:41:14 [ INFO] DataBaseTestConfig:19 - Create DB connection
2024-12-11 13:41:14 [ INFO] DataBaseTestConfig:19 - Create DB connection
2024-12-11 13:41:14 [ INFO] DataBaseTestConfig:19 - Create DB connection
2024-12-11 13:41:14 [ INFO] DataBaseTestConfig:51 - Closing Result Set
2024-12-11 13:41:14 [ INFO] DataBaseTestConfig:40 - Closing Prepared Statement
2024-12-11 13:41:14 [ INFO] DataBaseTestConfig:29 - Closing DB connection
2024-12-11 13:41:14 [ INFO] DataBaseTestConfig:19 - Create DB connection
2024-12-11 13:41:14 [ INFO] DataBaseTestConfig:29 - Closing DB connection
2024-12-11 13:41:14 [ INFO] DataBaseTestConfig:19 - Create DB connection
2024-12-11 13:41:14 [ INFO] DataBaseTestConfig:51 - Closing Result Set
2024-12-11 13:41:14 [ INFO] DataBaseTestConfig:40 - Closing Prepared Statement
2024-12-11 13:41:14 [ INFO] DataBaseTestConfig:29 - Closing DB connection
2024-12-11 13:41:14 [ INFO] DataBaseTestConfig:19 - Create DB connection
2024-12-11 13:41:14 [DEBUG] FareCalculatorService:42 - Price before rounding: 1.4248317708333331
2024-12-11 13:41:14 [DEBUG] FareCalculatorService:54 - Price after first rounding: 1.425
2024-12-11 13:41:14 [DEBUG] FareCalculatorService:44 - Price after rounding: 1.42
2024-12-11 13:41:14 [ INFO] DataBaseTestConfig:19 - Create DB connection
2024-12-11 13:41:14 [ INFO] DataBaseTestConfig:29 - Closing DB connection
2024-12-11 13:41:14 [ INFO] DataBaseTestConfig:19 - Create DB connection
2024-12-11 13:41:14 [ INFO] DataBaseTestConfig:40 - Closing Prepared Statement
2024-12-11 13:41:14 [ INFO] DataBaseTestConfig:29 - Closing DB connection
2024-12-11 13:41:14 [ INFO] DataBaseTestConfig:19 - Create DB connection
2024-12-11 13:41:14 [ INFO] DataBaseTestConfig:51 - Closing Result Set
2024-12-11 13:41:14 [ INFO] DataBaseTestConfig:40 - Closing Prepared Statement
2024-12-11 13:41:14 [ INFO] DataBaseTestConfig:29 - Closing DB connection
2024-12-11 13:41:14 [ INFO] DataBaseTestConfig:19 - Create DB connection
2024-12-11 13:41:14 [ INFO] DataBaseTestConfig:51 - Closing Result Set
2024-12-11 13:41:14 [ INFO] DataBaseTestConfig:40 - Closing Prepared Statement
2024-12-11 13:41:14 [ INFO] DataBaseTestConfig:29 - Closing DB connection
2024-12-11 13:41:14 [ INFO] DataBaseTestConfig:19 - Create DB connection
2024-12-11 13:41:14 [ INFO] DataBaseTestConfig:29 - Closing DB connection
2024-12-11 13:41:14 [ INFO] DataBaseTestConfig:19 - Create DB connection
2024-12-11 13:41:14 [ INFO] DataBaseTestConfig:51 - Closing Result Set
2024-12-11 13:41:14 [ INFO] DataBaseTestConfig:40 - Closing Prepared Statement
2024-12-11 13:41:14 [ INFO] DataBaseTestConfig:29 - Closing DB connection
2024-12-11 13:41:14 [ INFO] DataBaseTestConfig:19 - Create DB connection
2024-12-11 13:41:14 [ INFO] DataBaseTestConfig:40 - Closing Prepared Statement
2024-12-11 13:41:14 [ INFO] DataBaseTestConfig:29 - Closing DB connection
2024-12-11 13:41:14 [ INFO] DataBaseTestConfig:19 - Create DB connection
2024-12-11 13:41:14 [ INFO] DataBaseTestConfig:19 - Create DB connection
2024-12-11 13:41:14 [ INFO] DataBaseTestConfig:19 - Create DB connection
2024-12-11 13:41:14 [ INFO] DataBaseTestConfig:51 - Closing Result Set
2024-12-11 13:41:14 [ INFO] DataBaseTestConfig:40 - Closing Prepared Statement
2024-12-11 13:41:14 [ INFO] DataBaseTestConfig:29 - Closing DB connection
2024-12-11 13:41:14 [ INFO] DataBaseTestConfig:19 - Create DB connection
2024-12-11 13:41:14 [ INFO] DataBaseTestConfig:29 - Closing DB connection
2024-12-11 13:41:14 [ INFO] DataBaseTestConfig:19 - Create DB connection
2024-12-11 13:41:14 [ INFO] DataBaseTestConfig:51 - Closing Result Set
2024-12-11 13:41:14 [ INFO] DataBaseTestConfig:40 - Closing Prepared Statement
2024-12-11 13:41:14 [ INFO] DataBaseTestConfig:29 - Closing DB connection
2024-12-11 13:41:14 [ INFO] DataBaseTestConfig:19 - Create DB connection
2024-12-11 13:41:14 [DEBUG] FareCalculatorService:42 - Price before rounding: 1.4999766666666667
2024-12-11 13:41:14 [DEBUG] FareCalculatorService:54 - Price after first rounding: 1.5
2024-12-11 13:41:14 [DEBUG] FareCalculatorService:44 - Price after rounding: 1.5
2024-12-11 13:41:14 [ INFO] DataBaseTestConfig:19 - Create DB connection
2024-12-11 13:41:15 [ INFO] DataBaseTestConfig:29 - Closing DB connection
2024-12-11 13:41:15 [ INFO] DataBaseTestConfig:19 - Create DB connection
2024-12-11 13:41:15 [ INFO] DataBaseTestConfig:40 - Closing Prepared Statement
2024-12-11 13:41:15 [ INFO] DataBaseTestConfig:29 - Closing DB connection
2024-12-11 13:41:15 [ INFO] DataBaseTestConfig:19 - Create DB connection
2024-12-11 13:41:15 [ INFO] DataBaseTestConfig:51 - Closing Result Set
2024-12-11 13:41:15 [ INFO] DataBaseTestConfig:40 - Closing Prepared Statement
2024-12-11 13:41:15 [ INFO] DataBaseTestConfig:29 - Closing DB connection
2024-12-11 13:41:15 [ INFO] DataBaseTestConfig:19 - Create DB connection
2024-12-11 13:41:15 [ INFO] DataBaseTestConfig:51 - Closing Result Set
2024-12-11 13:41:15 [ INFO] DataBaseTestConfig:40 - Closing Prepared Statement
2024-12-11 13:41:15 [ INFO] DataBaseTestConfig:29 - Closing DB connection
2024-12-11 13:41:15 [ INFO] DataBaseTestConfig:19 - Create DB connection
2024-12-11 13:41:15 [ INFO] DataBaseTestConfig:29 - Closing DB connection
2024-12-11 13:41:15 [ INFO] DataBaseTestConfig:19 - Create DB connection
2024-12-11 13:41:15 [ INFO] DataBaseTestConfig:51 - Closing Result Set
2024-12-11 13:41:15 [ INFO] DataBaseTestConfig:40 - Closing Prepared Statement
2024-12-11 13:41:15 [ INFO] DataBaseTestConfig:29 - Closing DB connection
2024-12-11 13:41:15 [ INFO] DataBaseTestConfig:19 - Create DB connection
2024-12-11 13:41:15 [ INFO] DataBaseTestConfig:51 - Closing Result Set
2024-12-11 13:41:15 [ INFO] DataBaseTestConfig:40 - Closing Prepared Statement
2024-12-11 13:41:15 [ INFO] DataBaseTestConfig:29 - Closing DB connection
2024-12-11 13:41:15 [ INFO] DataBaseTestConfig:19 - Create DB connection
2024-12-11 13:41:15 [ INFO] DataBaseTestConfig:40 - Closing Prepared Statement
2024-12-11 13:41:15 [ INFO] DataBaseTestConfig:29 - Closing DB connection
2024-12-11 13:41:15 [ INFO] DataBaseTestConfig:19 - Create DB connection
2024-12-11 13:41:15 [ INFO] DataBaseTestConfig:19 - Create DB connection
2024-12-11 13:41:15 [ INFO] DataBaseTestConfig:19 - Create DB connection
2024-12-11 13:41:15 [ INFO] DataBaseTestConfig:51 - Closing Result Set
2024-12-11 13:41:15 [ INFO] DataBaseTestConfig:40 - Closing Prepared Statement
2024-12-11 13:41:15 [ INFO] DataBaseTestConfig:29 - Closing DB connection
2024-12-11 13:41:15 [ INFO] DataBaseTestConfig:19 - Create DB connection
2024-12-11 13:41:15 [ INFO] DataBaseTestConfig:51 - Closing Result Set
2024-12-11 13:41:15 [ INFO] DataBaseTestConfig:40 - Closing Prepared Statement
2024-12-11 13:41:15 [ INFO] DataBaseTestConfig:29 - Closing DB connection
2024-12-11 13:41:31 [DEBUG] FareCalculatorService:42 - Price before rounding: 0.95
2024-12-11 13:41:31 [DEBUG] FareCalculatorService:54 - Price after first rounding: 0.95
2024-12-11 13:41:31 [DEBUG] FareCalculatorService:44 - Price after rounding: 0.95
2024-12-11 13:41:31 [DEBUG] FareCalculatorService:42 - Price before rounding: 1.125
2024-12-11 13:41:31 [DEBUG] FareCalculatorService:54 - Price after first rounding: 1.125
2024-12-11 13:41:31 [DEBUG] FareCalculatorService:44 - Price after rounding: 1.12
2024-12-11 13:41:31 [DEBUG] FareCalculatorService:42 - Price before rounding: 1.4249999999999998
2024-12-11 13:41:31 [DEBUG] FareCalculatorService:54 - Price after first rounding: 1.425
2024-12-11 13:41:31 [DEBUG] FareCalculatorService:44 - Price after rounding: 1.42
2024-12-11 13:41:31 [DEBUG] FareCalculatorService:42 - Price before rounding: 1.5
2024-12-11 13:41:31 [DEBUG] FareCalculatorService:54 - Price after first rounding: 1.5
2024-12-11 13:41:31 [DEBUG] FareCalculatorService:44 - Price after rounding: 1.5
2024-12-11 13:41:31 [DEBUG] FareCalculatorService:42 - Price before rounding: 1.0
2024-12-11 13:41:31 [DEBUG] FareCalculatorService:54 - Price after first rounding: 1.0
2024-12-11 13:41:31 [DEBUG] FareCalculatorService:44 - Price after rounding: 1.0
2024-12-11 13:41:31 [DEBUG] FareCalculatorService:42 - Price before rounding: 36.0
2024-12-11 13:41:31 [DEBUG] FareCalculatorService:54 - Price after first rounding: 36.0
2024-12-11 13:41:31 [DEBUG] FareCalculatorService:44 - Price after rounding: 36.0
2024-12-11 13:41:31 [DEBUG] FareCalculatorService:42 - Price before rounding: 0.75
2024-12-11 13:41:31 [DEBUG] FareCalculatorService:54 - Price after first rounding: 0.75
2024-12-11 13:41:31 [DEBUG] FareCalculatorService:44 - Price after rounding: 0.75
2024-12-11 13:41:33 [ERROR] ParkingService:79 - Error fetching next available parking slot
java.lang.Exception: Error fetching parking number from DB. Parking slots might be full
	at com.parkit.parkingsystem.service.ParkingService.getNextParkingNumberIfAvailable(ParkingService.java:74) ~[classes/:?]
	at com.parkit.parkingsystem.ParkingServiceTest.testGetNextParkingNumberIfAvailableParkingNumberNotFound(ParkingServiceTest.java:113) ~[test-classes/:?]
	at jdk.internal.reflect.NativeMethodAccessorImpl.invoke0(Native Method) ~[?:?]
	at jdk.internal.reflect.NativeMethodAccessorImpl.invoke(NativeMethodAccessorImpl.java:77) ~[?:?]
	at jdk.internal.reflect.DelegatingMethodAccessorImpl.invoke(DelegatingMethodAccessorImpl.java:43) ~[?:?]
	at java.lang.reflect.Method.invoke(Method.java:569) ~[?:?]
	at org.junit.platform.commons.util.ReflectionUtils.invokeMethod(ReflectionUtils.java:532) ~[junit-platform-commons-1.3.2.jar:1.3.2]
	at org.junit.jupiter.engine.execution.ExecutableInvoker.invoke(ExecutableInvoker.java:115) ~[junit-jupiter-engine-5.3.2.jar:5.3.2]
	at org.junit.jupiter.engine.descriptor.TestMethodTestDescriptor.lambda$invokeTestMethod$6(TestMethodTestDescriptor.java:171) ~[junit-jupiter-engine-5.3.2.jar:5.3.2]
	at org.junit.platform.engine.support.hierarchical.ThrowableCollector.execute(ThrowableCollector.java:72) ~[junit-platform-engine-1.3.2.jar:1.3.2]
	at org.junit.jupiter.engine.descriptor.TestMethodTestDescriptor.invokeTestMethod(TestMethodTestDescriptor.java:167) ~[junit-jupiter-engine-5.3.2.jar:5.3.2]
	at org.junit.jupiter.engine.descriptor.TestMethodTestDescriptor.execute(TestMethodTestDescriptor.java:114) ~[junit-jupiter-engine-5.3.2.jar:5.3.2]
	at org.junit.jupiter.engine.descriptor.TestMethodTestDescriptor.execute(TestMethodTestDescriptor.java:59) ~[junit-jupiter-engine-5.3.2.jar:5.3.2]
	at org.junit.platform.engine.support.hierarchical.NodeTestTask.lambda$executeRecursively$4(NodeTestTask.java:108) ~[junit-platform-engine-1.3.2.jar:1.3.2]
	at org.junit.platform.engine.support.hierarchical.ThrowableCollector.execute(ThrowableCollector.java:72) ~[junit-platform-engine-1.3.2.jar:1.3.2]
	at org.junit.platform.engine.support.hierarchical.NodeTestTask.executeRecursively(NodeTestTask.java:98) ~[junit-platform-engine-1.3.2.jar:1.3.2]
	at org.junit.platform.engine.support.hierarchical.NodeTestTask.execute(NodeTestTask.java:74) ~[junit-platform-engine-1.3.2.jar:1.3.2]
	at java.util.ArrayList.forEach(ArrayList.java:1511) ~[?:?]
	at org.junit.platform.engine.support.hierarchical.SameThreadHierarchicalTestExecutorService.invokeAll(SameThreadHierarchicalTestExecutorService.java:38) ~[junit-platform-engine-1.3.2.jar:1.3.2]
	at org.junit.platform.engine.support.hierarchical.NodeTestTask.lambda$executeRecursively$4(NodeTestTask.java:112) ~[junit-platform-engine-1.3.2.jar:1.3.2]
	at org.junit.platform.engine.support.hierarchical.ThrowableCollector.execute(ThrowableCollector.java:72) ~[junit-platform-engine-1.3.2.jar:1.3.2]
	at org.junit.platform.engine.support.hierarchical.NodeTestTask.executeRecursively(NodeTestTask.java:98) ~[junit-platform-engine-1.3.2.jar:1.3.2]
	at org.junit.platform.engine.support.hierarchical.NodeTestTask.execute(NodeTestTask.java:74) ~[junit-platform-engine-1.3.2.jar:1.3.2]
	at java.util.ArrayList.forEach(ArrayList.java:1511) ~[?:?]
	at org.junit.platform.engine.support.hierarchical.SameThreadHierarchicalTestExecutorService.invokeAll(SameThreadHierarchicalTestExecutorService.java:38) ~[junit-platform-engine-1.3.2.jar:1.3.2]
	at org.junit.platform.engine.support.hierarchical.NodeTestTask.lambda$executeRecursively$4(NodeTestTask.java:112) ~[junit-platform-engine-1.3.2.jar:1.3.2]
	at org.junit.platform.engine.support.hierarchical.ThrowableCollector.execute(ThrowableCollector.java:72) [junit-platform-engine-1.3.2.jar:1.3.2]
	at org.junit.platform.engine.support.hierarchical.NodeTestTask.executeRecursively(NodeTestTask.java:98) [junit-platform-engine-1.3.2.jar:1.3.2]
	at org.junit.platform.engine.support.hierarchical.NodeTestTask.execute(NodeTestTask.java:74) [junit-platform-engine-1.3.2.jar:1.3.2]
	at org.junit.platform.engine.support.hierarchical.SameThreadHierarchicalTestExecutorService.submit(SameThreadHierarchicalTestExecutorService.java:32) [junit-platform-engine-1.3.2.jar:1.3.2]
	at org.junit.platform.engine.support.hierarchical.HierarchicalTestExecutor.execute(HierarchicalTestExecutor.java:57) [junit-platform-engine-1.3.2.jar:1.3.2]
	at org.junit.platform.engine.support.hierarchical.HierarchicalTestEngine.execute(HierarchicalTestEngine.java:51) [junit-platform-engine-1.3.2.jar:1.3.2]
	at org.junit.platform.launcher.core.DefaultLauncher.execute(DefaultLauncher.java:170) [junit-platform-launcher-1.2.0.jar:1.2.0]
	at org.junit.platform.launcher.core.DefaultLauncher.execute(DefaultLauncher.java:154) [junit-platform-launcher-1.2.0.jar:1.2.0]
	at org.junit.platform.launcher.core.DefaultLauncher.execute(DefaultLauncher.java:90) [junit-platform-launcher-1.2.0.jar:1.2.0]
	at org.junit.platform.surefire.provider.JUnitPlatformProvider.invokeAllTests(JUnitPlatformProvider.java:132) [junit-platform-surefire-provider-1.2.0.jar:1.2.0]
	at org.junit.platform.surefire.provider.JUnitPlatformProvider.invoke(JUnitPlatformProvider.java:111) [junit-platform-surefire-provider-1.2.0.jar:1.2.0]
	at org.apache.maven.surefire.booter.ForkedBooter.invokeProviderInSameClassLoader(ForkedBooter.java:383) [surefire-booter-2.22.0.jar:2.22.0]
	at org.apache.maven.surefire.booter.ForkedBooter.runSuitesInProcess(ForkedBooter.java:344) [surefire-booter-2.22.0.jar:2.22.0]
	at org.apache.maven.surefire.booter.ForkedBooter.execute(ForkedBooter.java:125) [surefire-booter-2.22.0.jar:2.22.0]
	at org.apache.maven.surefire.booter.ForkedBooter.main(ForkedBooter.java:417) [surefire-booter-2.22.0.jar:2.22.0]
2024-12-11 13:41:33 [DEBUG] FareCalculatorService:42 - Price before rounding: 1.50000125
2024-12-11 13:41:33 [DEBUG] FareCalculatorService:54 - Price after first rounding: 1.5
2024-12-11 13:41:33 [DEBUG] FareCalculatorService:44 - Price after rounding: 1.5
2024-12-11 13:41:33 [ERROR] ParkingService:77 - Error parsing user input for type of vehicle
java.lang.IllegalArgumentException: Entered input is invalid
	at com.parkit.parkingsystem.service.ParkingService.getVehichleType(ParkingService.java:98) ~[classes/:?]
	at com.parkit.parkingsystem.service.ParkingService.getNextParkingNumberIfAvailable(ParkingService.java:69) ~[classes/:?]
	at com.parkit.parkingsystem.ParkingServiceTest.testGetNextParkingNumberIfAvailableParkingNumberWrongArgument(ParkingServiceTest.java:122) ~[test-classes/:?]
	at jdk.internal.reflect.NativeMethodAccessorImpl.invoke0(Native Method) ~[?:?]
	at jdk.internal.reflect.NativeMethodAccessorImpl.invoke(NativeMethodAccessorImpl.java:77) ~[?:?]
	at jdk.internal.reflect.DelegatingMethodAccessorImpl.invoke(DelegatingMethodAccessorImpl.java:43) ~[?:?]
	at java.lang.reflect.Method.invoke(Method.java:569) ~[?:?]
	at org.junit.platform.commons.util.ReflectionUtils.invokeMethod(ReflectionUtils.java:532) ~[junit-platform-commons-1.3.2.jar:1.3.2]
	at org.junit.jupiter.engine.execution.ExecutableInvoker.invoke(ExecutableInvoker.java:115) ~[junit-jupiter-engine-5.3.2.jar:5.3.2]
	at org.junit.jupiter.engine.descriptor.TestMethodTestDescriptor.lambda$invokeTestMethod$6(TestMethodTestDescriptor.java:171) ~[junit-jupiter-engine-5.3.2.jar:5.3.2]
	at org.junit.platform.engine.support.hierarchical.ThrowableCollector.execute(ThrowableCollector.java:72) ~[junit-platform-engine-1.3.2.jar:1.3.2]
	at org.junit.jupiter.engine.descriptor.TestMethodTestDescriptor.invokeTestMethod(TestMethodTestDescriptor.java:167) ~[junit-jupiter-engine-5.3.2.jar:5.3.2]
	at org.junit.jupiter.engine.descriptor.TestMethodTestDescriptor.execute(TestMethodTestDescriptor.java:114) ~[junit-jupiter-engine-5.3.2.jar:5.3.2]
	at org.junit.jupiter.engine.descriptor.TestMethodTestDescriptor.execute(TestMethodTestDescriptor.java:59) ~[junit-jupiter-engine-5.3.2.jar:5.3.2]
	at org.junit.platform.engine.support.hierarchical.NodeTestTask.lambda$executeRecursively$4(NodeTestTask.java:108) ~[junit-platform-engine-1.3.2.jar:1.3.2]
	at org.junit.platform.engine.support.hierarchical.ThrowableCollector.execute(ThrowableCollector.java:72) ~[junit-platform-engine-1.3.2.jar:1.3.2]
	at org.junit.platform.engine.support.hierarchical.NodeTestTask.executeRecursively(NodeTestTask.java:98) ~[junit-platform-engine-1.3.2.jar:1.3.2]
	at org.junit.platform.engine.support.hierarchical.NodeTestTask.execute(NodeTestTask.java:74) ~[junit-platform-engine-1.3.2.jar:1.3.2]
	at java.util.ArrayList.forEach(ArrayList.java:1511) ~[?:?]
	at org.junit.platform.engine.support.hierarchical.SameThreadHierarchicalTestExecutorService.invokeAll(SameThreadHierarchicalTestExecutorService.java:38) ~[junit-platform-engine-1.3.2.jar:1.3.2]
	at org.junit.platform.engine.support.hierarchical.NodeTestTask.lambda$executeRecursively$4(NodeTestTask.java:112) ~[junit-platform-engine-1.3.2.jar:1.3.2]
	at org.junit.platform.engine.support.hierarchical.ThrowableCollector.execute(ThrowableCollector.java:72) ~[junit-platform-engine-1.3.2.jar:1.3.2]
	at org.junit.platform.engine.support.hierarchical.NodeTestTask.executeRecursively(NodeTestTask.java:98) ~[junit-platform-engine-1.3.2.jar:1.3.2]
	at org.junit.platform.engine.support.hierarchical.NodeTestTask.execute(NodeTestTask.java:74) ~[junit-platform-engine-1.3.2.jar:1.3.2]
	at java.util.ArrayList.forEach(ArrayList.java:1511) ~[?:?]
	at org.junit.platform.engine.support.hierarchical.SameThreadHierarchicalTestExecutorService.invokeAll(SameThreadHierarchicalTestExecutorService.java:38) ~[junit-platform-engine-1.3.2.jar:1.3.2]
	at org.junit.platform.engine.support.hierarchical.NodeTestTask.lambda$executeRecursively$4(NodeTestTask.java:112) ~[junit-platform-engine-1.3.2.jar:1.3.2]
	at org.junit.platform.engine.support.hierarchical.ThrowableCollector.execute(ThrowableCollector.java:72) [junit-platform-engine-1.3.2.jar:1.3.2]
	at org.junit.platform.engine.support.hierarchical.NodeTestTask.executeRecursively(NodeTestTask.java:98) [junit-platform-engine-1.3.2.jar:1.3.2]
	at org.junit.platform.engine.support.hierarchical.NodeTestTask.execute(NodeTestTask.java:74) [junit-platform-engine-1.3.2.jar:1.3.2]
	at org.junit.platform.engine.support.hierarchical.SameThreadHierarchicalTestExecutorService.submit(SameThreadHierarchicalTestExecutorService.java:32) [junit-platform-engine-1.3.2.jar:1.3.2]
	at org.junit.platform.engine.support.hierarchical.HierarchicalTestExecutor.execute(HierarchicalTestExecutor.java:57) [junit-platform-engine-1.3.2.jar:1.3.2]
	at org.junit.platform.engine.support.hierarchical.HierarchicalTestEngine.execute(HierarchicalTestEngine.java:51) [junit-platform-engine-1.3.2.jar:1.3.2]
	at org.junit.platform.launcher.core.DefaultLauncher.execute(DefaultLauncher.java:170) [junit-platform-launcher-1.2.0.jar:1.2.0]
	at org.junit.platform.launcher.core.DefaultLauncher.execute(DefaultLauncher.java:154) [junit-platform-launcher-1.2.0.jar:1.2.0]
	at org.junit.platform.launcher.core.DefaultLauncher.execute(DefaultLauncher.java:90) [junit-platform-launcher-1.2.0.jar:1.2.0]
	at org.junit.platform.surefire.provider.JUnitPlatformProvider.invokeAllTests(JUnitPlatformProvider.java:132) [junit-platform-surefire-provider-1.2.0.jar:1.2.0]
	at org.junit.platform.surefire.provider.JUnitPlatformProvider.invoke(JUnitPlatformProvider.java:111) [junit-platform-surefire-provider-1.2.0.jar:1.2.0]
	at org.apache.maven.surefire.booter.ForkedBooter.invokeProviderInSameClassLoader(ForkedBooter.java:383) [surefire-booter-2.22.0.jar:2.22.0]
	at org.apache.maven.surefire.booter.ForkedBooter.runSuitesInProcess(ForkedBooter.java:344) [surefire-booter-2.22.0.jar:2.22.0]
	at org.apache.maven.surefire.booter.ForkedBooter.execute(ForkedBooter.java:125) [surefire-booter-2.22.0.jar:2.22.0]
	at org.apache.maven.surefire.booter.ForkedBooter.main(ForkedBooter.java:417) [surefire-booter-2.22.0.jar:2.22.0]
2024-12-11 13:41:33 [DEBUG] FareCalculatorService:42 - Price before rounding: 1.5000004166666665
2024-12-11 13:41:33 [DEBUG] FareCalculatorService:54 - Price after first rounding: 1.5
2024-12-11 13:41:33 [DEBUG] FareCalculatorService:44 - Price after rounding: 1.5
2024-12-11 13:45:44 [DEBUG] FareCalculatorService:42 - Price before rounding: 0.95
2024-12-11 13:45:44 [DEBUG] FareCalculatorService:54 - Price after first rounding: 0.95
2024-12-11 13:45:44 [DEBUG] FareCalculatorService:44 - Price after rounding: 0.95
2024-12-11 13:45:44 [DEBUG] FareCalculatorService:42 - Price before rounding: 1.125
2024-12-11 13:45:44 [DEBUG] FareCalculatorService:54 - Price after first rounding: 1.125
2024-12-11 13:45:44 [DEBUG] FareCalculatorService:44 - Price after rounding: 1.12
2024-12-11 13:45:44 [DEBUG] FareCalculatorService:42 - Price before rounding: 1.4249999999999998
2024-12-11 13:45:44 [DEBUG] FareCalculatorService:54 - Price after first rounding: 1.425
2024-12-11 13:45:44 [DEBUG] FareCalculatorService:44 - Price after rounding: 1.42
2024-12-11 13:45:44 [DEBUG] FareCalculatorService:42 - Price before rounding: 1.5
2024-12-11 13:45:44 [DEBUG] FareCalculatorService:54 - Price after first rounding: 1.5
2024-12-11 13:45:44 [DEBUG] FareCalculatorService:44 - Price after rounding: 1.5
2024-12-11 13:45:44 [DEBUG] FareCalculatorService:42 - Price before rounding: 1.0
2024-12-11 13:45:44 [DEBUG] FareCalculatorService:54 - Price after first rounding: 1.0
2024-12-11 13:45:44 [DEBUG] FareCalculatorService:44 - Price after rounding: 1.0
2024-12-11 13:45:44 [DEBUG] FareCalculatorService:42 - Price before rounding: 36.0
2024-12-11 13:45:44 [DEBUG] FareCalculatorService:54 - Price after first rounding: 36.0
2024-12-11 13:45:44 [DEBUG] FareCalculatorService:44 - Price after rounding: 36.0
2024-12-11 13:45:44 [DEBUG] FareCalculatorService:42 - Price before rounding: 0.75
2024-12-11 13:45:44 [DEBUG] FareCalculatorService:54 - Price after first rounding: 0.75
2024-12-11 13:45:44 [DEBUG] FareCalculatorService:44 - Price after rounding: 0.75
2024-12-11 13:45:45 [ERROR] ParkingService:79 - Error fetching next available parking slot
java.lang.Exception: Error fetching parking number from DB. Parking slots might be full
	at com.parkit.parkingsystem.service.ParkingService.getNextParkingNumberIfAvailable(ParkingService.java:74) ~[classes/:?]
	at com.parkit.parkingsystem.ParkingServiceTest.testGetNextParkingNumberIfAvailableParkingNumberNotFound(ParkingServiceTest.java:113) ~[test-classes/:?]
	at jdk.internal.reflect.NativeMethodAccessorImpl.invoke0(Native Method) ~[?:?]
	at jdk.internal.reflect.NativeMethodAccessorImpl.invoke(NativeMethodAccessorImpl.java:77) ~[?:?]
	at jdk.internal.reflect.DelegatingMethodAccessorImpl.invoke(DelegatingMethodAccessorImpl.java:43) ~[?:?]
	at java.lang.reflect.Method.invoke(Method.java:569) ~[?:?]
	at org.junit.platform.commons.util.ReflectionUtils.invokeMethod(ReflectionUtils.java:532) ~[junit-platform-commons-1.3.2.jar:1.3.2]
	at org.junit.jupiter.engine.execution.ExecutableInvoker.invoke(ExecutableInvoker.java:115) ~[junit-jupiter-engine-5.3.2.jar:5.3.2]
	at org.junit.jupiter.engine.descriptor.TestMethodTestDescriptor.lambda$invokeTestMethod$6(TestMethodTestDescriptor.java:171) ~[junit-jupiter-engine-5.3.2.jar:5.3.2]
	at org.junit.platform.engine.support.hierarchical.ThrowableCollector.execute(ThrowableCollector.java:72) ~[junit-platform-engine-1.3.2.jar:1.3.2]
	at org.junit.jupiter.engine.descriptor.TestMethodTestDescriptor.invokeTestMethod(TestMethodTestDescriptor.java:167) ~[junit-jupiter-engine-5.3.2.jar:5.3.2]
	at org.junit.jupiter.engine.descriptor.TestMethodTestDescriptor.execute(TestMethodTestDescriptor.java:114) ~[junit-jupiter-engine-5.3.2.jar:5.3.2]
	at org.junit.jupiter.engine.descriptor.TestMethodTestDescriptor.execute(TestMethodTestDescriptor.java:59) ~[junit-jupiter-engine-5.3.2.jar:5.3.2]
	at org.junit.platform.engine.support.hierarchical.NodeTestTask.lambda$executeRecursively$4(NodeTestTask.java:108) ~[junit-platform-engine-1.3.2.jar:1.3.2]
	at org.junit.platform.engine.support.hierarchical.ThrowableCollector.execute(ThrowableCollector.java:72) ~[junit-platform-engine-1.3.2.jar:1.3.2]
	at org.junit.platform.engine.support.hierarchical.NodeTestTask.executeRecursively(NodeTestTask.java:98) ~[junit-platform-engine-1.3.2.jar:1.3.2]
	at org.junit.platform.engine.support.hierarchical.NodeTestTask.execute(NodeTestTask.java:74) ~[junit-platform-engine-1.3.2.jar:1.3.2]
	at java.util.ArrayList.forEach(ArrayList.java:1511) ~[?:?]
	at org.junit.platform.engine.support.hierarchical.SameThreadHierarchicalTestExecutorService.invokeAll(SameThreadHierarchicalTestExecutorService.java:38) ~[junit-platform-engine-1.3.2.jar:1.3.2]
	at org.junit.platform.engine.support.hierarchical.NodeTestTask.lambda$executeRecursively$4(NodeTestTask.java:112) ~[junit-platform-engine-1.3.2.jar:1.3.2]
	at org.junit.platform.engine.support.hierarchical.ThrowableCollector.execute(ThrowableCollector.java:72) ~[junit-platform-engine-1.3.2.jar:1.3.2]
	at org.junit.platform.engine.support.hierarchical.NodeTestTask.executeRecursively(NodeTestTask.java:98) ~[junit-platform-engine-1.3.2.jar:1.3.2]
	at org.junit.platform.engine.support.hierarchical.NodeTestTask.execute(NodeTestTask.java:74) ~[junit-platform-engine-1.3.2.jar:1.3.2]
	at java.util.ArrayList.forEach(ArrayList.java:1511) ~[?:?]
	at org.junit.platform.engine.support.hierarchical.SameThreadHierarchicalTestExecutorService.invokeAll(SameThreadHierarchicalTestExecutorService.java:38) ~[junit-platform-engine-1.3.2.jar:1.3.2]
	at org.junit.platform.engine.support.hierarchical.NodeTestTask.lambda$executeRecursively$4(NodeTestTask.java:112) ~[junit-platform-engine-1.3.2.jar:1.3.2]
	at org.junit.platform.engine.support.hierarchical.ThrowableCollector.execute(ThrowableCollector.java:72) [junit-platform-engine-1.3.2.jar:1.3.2]
	at org.junit.platform.engine.support.hierarchical.NodeTestTask.executeRecursively(NodeTestTask.java:98) [junit-platform-engine-1.3.2.jar:1.3.2]
	at org.junit.platform.engine.support.hierarchical.NodeTestTask.execute(NodeTestTask.java:74) [junit-platform-engine-1.3.2.jar:1.3.2]
	at org.junit.platform.engine.support.hierarchical.SameThreadHierarchicalTestExecutorService.submit(SameThreadHierarchicalTestExecutorService.java:32) [junit-platform-engine-1.3.2.jar:1.3.2]
	at org.junit.platform.engine.support.hierarchical.HierarchicalTestExecutor.execute(HierarchicalTestExecutor.java:57) [junit-platform-engine-1.3.2.jar:1.3.2]
	at org.junit.platform.engine.support.hierarchical.HierarchicalTestEngine.execute(HierarchicalTestEngine.java:51) [junit-platform-engine-1.3.2.jar:1.3.2]
	at org.junit.platform.launcher.core.DefaultLauncher.execute(DefaultLauncher.java:170) [junit-platform-launcher-1.2.0.jar:1.2.0]
	at org.junit.platform.launcher.core.DefaultLauncher.execute(DefaultLauncher.java:154) [junit-platform-launcher-1.2.0.jar:1.2.0]
	at org.junit.platform.launcher.core.DefaultLauncher.execute(DefaultLauncher.java:90) [junit-platform-launcher-1.2.0.jar:1.2.0]
	at org.junit.platform.surefire.provider.JUnitPlatformProvider.invokeAllTests(JUnitPlatformProvider.java:132) [junit-platform-surefire-provider-1.2.0.jar:1.2.0]
	at org.junit.platform.surefire.provider.JUnitPlatformProvider.invoke(JUnitPlatformProvider.java:111) [junit-platform-surefire-provider-1.2.0.jar:1.2.0]
	at org.apache.maven.surefire.booter.ForkedBooter.invokeProviderInSameClassLoader(ForkedBooter.java:383) [surefire-booter-2.22.0.jar:2.22.0]
	at org.apache.maven.surefire.booter.ForkedBooter.runSuitesInProcess(ForkedBooter.java:344) [surefire-booter-2.22.0.jar:2.22.0]
	at org.apache.maven.surefire.booter.ForkedBooter.execute(ForkedBooter.java:125) [surefire-booter-2.22.0.jar:2.22.0]
	at org.apache.maven.surefire.booter.ForkedBooter.main(ForkedBooter.java:417) [surefire-booter-2.22.0.jar:2.22.0]
2024-12-11 13:45:45 [DEBUG] FareCalculatorService:42 - Price before rounding: 1.5000004166666665
2024-12-11 13:45:45 [DEBUG] FareCalculatorService:54 - Price after first rounding: 1.5
2024-12-11 13:45:45 [DEBUG] FareCalculatorService:44 - Price after rounding: 1.5
2024-12-11 13:45:45 [ERROR] ParkingService:77 - Error parsing user input for type of vehicle
java.lang.IllegalArgumentException: Entered input is invalid
	at com.parkit.parkingsystem.service.ParkingService.getVehichleType(ParkingService.java:98) ~[classes/:?]
	at com.parkit.parkingsystem.service.ParkingService.getNextParkingNumberIfAvailable(ParkingService.java:69) ~[classes/:?]
	at com.parkit.parkingsystem.ParkingServiceTest.testGetNextParkingNumberIfAvailableParkingNumberWrongArgument(ParkingServiceTest.java:122) ~[test-classes/:?]
	at jdk.internal.reflect.NativeMethodAccessorImpl.invoke0(Native Method) ~[?:?]
	at jdk.internal.reflect.NativeMethodAccessorImpl.invoke(NativeMethodAccessorImpl.java:77) ~[?:?]
	at jdk.internal.reflect.DelegatingMethodAccessorImpl.invoke(DelegatingMethodAccessorImpl.java:43) ~[?:?]
	at java.lang.reflect.Method.invoke(Method.java:569) ~[?:?]
	at org.junit.platform.commons.util.ReflectionUtils.invokeMethod(ReflectionUtils.java:532) ~[junit-platform-commons-1.3.2.jar:1.3.2]
	at org.junit.jupiter.engine.execution.ExecutableInvoker.invoke(ExecutableInvoker.java:115) ~[junit-jupiter-engine-5.3.2.jar:5.3.2]
	at org.junit.jupiter.engine.descriptor.TestMethodTestDescriptor.lambda$invokeTestMethod$6(TestMethodTestDescriptor.java:171) ~[junit-jupiter-engine-5.3.2.jar:5.3.2]
	at org.junit.platform.engine.support.hierarchical.ThrowableCollector.execute(ThrowableCollector.java:72) ~[junit-platform-engine-1.3.2.jar:1.3.2]
	at org.junit.jupiter.engine.descriptor.TestMethodTestDescriptor.invokeTestMethod(TestMethodTestDescriptor.java:167) ~[junit-jupiter-engine-5.3.2.jar:5.3.2]
	at org.junit.jupiter.engine.descriptor.TestMethodTestDescriptor.execute(TestMethodTestDescriptor.java:114) ~[junit-jupiter-engine-5.3.2.jar:5.3.2]
	at org.junit.jupiter.engine.descriptor.TestMethodTestDescriptor.execute(TestMethodTestDescriptor.java:59) ~[junit-jupiter-engine-5.3.2.jar:5.3.2]
	at org.junit.platform.engine.support.hierarchical.NodeTestTask.lambda$executeRecursively$4(NodeTestTask.java:108) ~[junit-platform-engine-1.3.2.jar:1.3.2]
	at org.junit.platform.engine.support.hierarchical.ThrowableCollector.execute(ThrowableCollector.java:72) ~[junit-platform-engine-1.3.2.jar:1.3.2]
	at org.junit.platform.engine.support.hierarchical.NodeTestTask.executeRecursively(NodeTestTask.java:98) ~[junit-platform-engine-1.3.2.jar:1.3.2]
	at org.junit.platform.engine.support.hierarchical.NodeTestTask.execute(NodeTestTask.java:74) ~[junit-platform-engine-1.3.2.jar:1.3.2]
	at java.util.ArrayList.forEach(ArrayList.java:1511) ~[?:?]
	at org.junit.platform.engine.support.hierarchical.SameThreadHierarchicalTestExecutorService.invokeAll(SameThreadHierarchicalTestExecutorService.java:38) ~[junit-platform-engine-1.3.2.jar:1.3.2]
	at org.junit.platform.engine.support.hierarchical.NodeTestTask.lambda$executeRecursively$4(NodeTestTask.java:112) ~[junit-platform-engine-1.3.2.jar:1.3.2]
	at org.junit.platform.engine.support.hierarchical.ThrowableCollector.execute(ThrowableCollector.java:72) ~[junit-platform-engine-1.3.2.jar:1.3.2]
	at org.junit.platform.engine.support.hierarchical.NodeTestTask.executeRecursively(NodeTestTask.java:98) ~[junit-platform-engine-1.3.2.jar:1.3.2]
	at org.junit.platform.engine.support.hierarchical.NodeTestTask.execute(NodeTestTask.java:74) ~[junit-platform-engine-1.3.2.jar:1.3.2]
	at java.util.ArrayList.forEach(ArrayList.java:1511) ~[?:?]
	at org.junit.platform.engine.support.hierarchical.SameThreadHierarchicalTestExecutorService.invokeAll(SameThreadHierarchicalTestExecutorService.java:38) ~[junit-platform-engine-1.3.2.jar:1.3.2]
	at org.junit.platform.engine.support.hierarchical.NodeTestTask.lambda$executeRecursively$4(NodeTestTask.java:112) ~[junit-platform-engine-1.3.2.jar:1.3.2]
	at org.junit.platform.engine.support.hierarchical.ThrowableCollector.execute(ThrowableCollector.java:72) [junit-platform-engine-1.3.2.jar:1.3.2]
	at org.junit.platform.engine.support.hierarchical.NodeTestTask.executeRecursively(NodeTestTask.java:98) [junit-platform-engine-1.3.2.jar:1.3.2]
	at org.junit.platform.engine.support.hierarchical.NodeTestTask.execute(NodeTestTask.java:74) [junit-platform-engine-1.3.2.jar:1.3.2]
	at org.junit.platform.engine.support.hierarchical.SameThreadHierarchicalTestExecutorService.submit(SameThreadHierarchicalTestExecutorService.java:32) [junit-platform-engine-1.3.2.jar:1.3.2]
	at org.junit.platform.engine.support.hierarchical.HierarchicalTestExecutor.execute(HierarchicalTestExecutor.java:57) [junit-platform-engine-1.3.2.jar:1.3.2]
	at org.junit.platform.engine.support.hierarchical.HierarchicalTestEngine.execute(HierarchicalTestEngine.java:51) [junit-platform-engine-1.3.2.jar:1.3.2]
	at org.junit.platform.launcher.core.DefaultLauncher.execute(DefaultLauncher.java:170) [junit-platform-launcher-1.2.0.jar:1.2.0]
	at org.junit.platform.launcher.core.DefaultLauncher.execute(DefaultLauncher.java:154) [junit-platform-launcher-1.2.0.jar:1.2.0]
	at org.junit.platform.launcher.core.DefaultLauncher.execute(DefaultLauncher.java:90) [junit-platform-launcher-1.2.0.jar:1.2.0]
	at org.junit.platform.surefire.provider.JUnitPlatformProvider.invokeAllTests(JUnitPlatformProvider.java:132) [junit-platform-surefire-provider-1.2.0.jar:1.2.0]
	at org.junit.platform.surefire.provider.JUnitPlatformProvider.invoke(JUnitPlatformProvider.java:111) [junit-platform-surefire-provider-1.2.0.jar:1.2.0]
	at org.apache.maven.surefire.booter.ForkedBooter.invokeProviderInSameClassLoader(ForkedBooter.java:383) [surefire-booter-2.22.0.jar:2.22.0]
	at org.apache.maven.surefire.booter.ForkedBooter.runSuitesInProcess(ForkedBooter.java:344) [surefire-booter-2.22.0.jar:2.22.0]
	at org.apache.maven.surefire.booter.ForkedBooter.execute(ForkedBooter.java:125) [surefire-booter-2.22.0.jar:2.22.0]
	at org.apache.maven.surefire.booter.ForkedBooter.main(ForkedBooter.java:417) [surefire-booter-2.22.0.jar:2.22.0]
2024-12-11 13:45:45 [DEBUG] FareCalculatorService:42 - Price before rounding: 1.5
2024-12-11 13:45:45 [DEBUG] FareCalculatorService:54 - Price after first rounding: 1.5
2024-12-11 13:45:45 [DEBUG] FareCalculatorService:44 - Price after rounding: 1.5
