-------------------------------------------------------------------------------
Test set: com.parkit.parkingsystem.FareCalculatorServiceTest
-------------------------------------------------------------------------------
Tests run: 9, Failures: 2, Errors: 0, Skipped: 0, Time elapsed: 0.036 s <<< FAILURE! - in com.parkit.parkingsystem.FareCalculatorServiceTest
calculateFareBikeWithLessThan30MinutesParkingTime  Time elapsed: 0.001 s  <<< FAILURE!
org.opentest4j.AssertionFailedError: expected: <0.0> but was: <0.25>
	at com.parkit.parkingsystem.FareCalculatorServiceTest.calculateFareBikeWithLessThan30MinutesParkingTime(FareCalculatorServiceTest.java:153)

calculateFareCarWithLessThan30MinutesParkingTime  Time elapsed: 0 s  <<< FAILURE!
org.opentest4j.AssertionFailedError: expected: <0.0> but was: <0.375>
	at com.parkit.parkingsystem.FareCalculatorServiceTest.calculateFareCarWithLessThan30MinutesParkingTime(FareCalculatorServiceTest.java:139)

